{"C:\\Users\\nmjoa\\OneDrive\\Desktop\\Programacao\\Javascript\\gepetoauth\\src\\routes.ts": {"path":"C:\\Users\\nmjoa\\OneDrive\\Desktop\\Programacao\\Javascript\\gepetoauth\\src\\routes.ts","statementMap":{"0":{"start":{"line":1,"column":0},"end":{"line":1,"column":33}},"1":{"start":{"line":3,"column":0},"end":{"line":3,"column":59}},"2":{"start":{"line":4,"column":0},"end":{"line":4,"column":61}},"3":{"start":{"line":5,"column":0},"end":{"line":5,"column":51}},"4":{"start":{"line":7,"column":15},"end":{"line":7,"column":23}},"5":{"start":{"line":21,"column":9},"end":{"line":21,"column":15}},"6":{"start":{"line":9,"column":0},"end":{"line":11,"column":3}},"7":{"start":{"line":10,"column":1},"end":{"line":10,"column":46}},"8":{"start":{"line":13,"column":0},"end":{"line":15,"column":3}},"9":{"start":{"line":14,"column":1},"end":{"line":14,"column":45}},"10":{"start":{"line":17,"column":0},"end":{"line":19,"column":3}},"11":{"start":{"line":18,"column":1},"end":{"line":18,"column":41}}},"fnMap":{"0":{"name":"(anonymous_0)","decl":{"start":{"line":9,"column":25},"end":{"line":9,"column":26}},"loc":{"start":{"line":9,"column":38},"end":{"line":11,"column":1}}},"1":{"name":"(anonymous_1)","decl":{"start":{"line":13,"column":31},"end":{"line":13,"column":32}},"loc":{"start":{"line":13,"column":44},"end":{"line":15,"column":1}}},"2":{"name":"(anonymous_2)","decl":{"start":{"line":17,"column":35},"end":{"line":17,"column":36}},"loc":{"start":{"line":17,"column":48},"end":{"line":19,"column":1}}}},"branchMap":{},"s":{"0":2,"1":2,"2":2,"3":2,"4":2,"5":2,"6":2,"7":1,"8":2,"9":1,"10":2,"11":6},"f":{"0":1,"1":1,"2":6},"b":{}}
,"C:\\Users\\nmjoa\\OneDrive\\Desktop\\Programacao\\Javascript\\gepetoauth\\src\\config\\index.ts": {"path":"C:\\Users\\nmjoa\\OneDrive\\Desktop\\Programacao\\Javascript\\gepetoauth\\src\\config\\index.ts","statementMap":{"0":{"start":{"line":1,"column":0},"end":{"line":1,"column":28}},"1":{"start":{"line":3,"column":18},"end":{"line":3,"column":33}},"2":{"start":{"line":4,"column":0},"end":{"line":6,"column":null}},"3":{"start":{"line":5,"column":1},"end":{"line":5,"column":53}},"4":{"start":{"line":8,"column":0},"end":{"line":33,"column":2}}},"fnMap":{},"branchMap":{"0":{"loc":{"start":{"line":4,"column":0},"end":{"line":6,"column":null}},"type":"if","locations":[{"start":{"line":4,"column":0},"end":{"line":6,"column":null}},{"start":{"line":4,"column":0},"end":{"line":6,"column":null}}]},"1":{"loc":{"start":{"line":12,"column":5},"end":{"line":12,"column":9}},"type":"cond-expr","locations":[{"start":{"line":12,"column":5},"end":{"line":12,"column":9}},{"start":{"line":13,"column":5},"end":{"line":13,"column":10}}]},"2":{"loc":{"start":{"line":10,"column":2},"end":{"line":10,"column":40}},"type":"binary-expr","locations":[{"start":{"line":10,"column":2},"end":{"line":10,"column":40}},{"start":{"line":11,"column":2},"end":{"line":11,"column":33}}]},"3":{"loc":{"start":{"line":14,"column":41},"end":{"line":14,"column":45}},"type":"cond-expr","locations":[{"start":{"line":14,"column":41},"end":{"line":14,"column":45}},{"start":{"line":14,"column":48},"end":{"line":14,"column":53}}]}},"s":{"0":4,"1":4,"2":4,"3":0,"4":4},"f":{},"b":{"0":[0,4],"1":[4,0],"2":[4,4],"3":[4,0]}}
,"C:\\Users\\nmjoa\\OneDrive\\Desktop\\Programacao\\Javascript\\gepetoauth\\src\\entities\\Code.ts": {"path":"C:\\Users\\nmjoa\\OneDrive\\Desktop\\Programacao\\Javascript\\gepetoauth\\src\\entities\\Code.ts","statementMap":{"0":{"start":{"line":8,"column":2},"end":{"line":8,"column":28}},"1":{"start":{"line":1,"column":0},"end":{"line":1,"column":13}}},"fnMap":{"0":{"name":"(anonymous_0)","decl":{"start":{"line":7,"column":1},"end":{"line":7,"column":13}},"loc":{"start":{"line":7,"column":23},"end":{"line":9,"column":2}}}},"branchMap":{},"s":{"0":1,"1":1},"f":{"0":1},"b":{}}
,"C:\\Users\\nmjoa\\OneDrive\\Desktop\\Programacao\\Javascript\\gepetoauth\\src\\entities\\RefreshToken.ts": {"path":"C:\\Users\\nmjoa\\OneDrive\\Desktop\\Programacao\\Javascript\\gepetoauth\\src\\entities\\RefreshToken.ts","statementMap":{"0":{"start":{"line":8,"column":2},"end":{"line":8,"column":28}},"1":{"start":{"line":1,"column":0},"end":{"line":1,"column":13}}},"fnMap":{"0":{"name":"(anonymous_0)","decl":{"start":{"line":7,"column":1},"end":{"line":7,"column":13}},"loc":{"start":{"line":7,"column":31},"end":{"line":9,"column":2}}}},"branchMap":{},"s":{"0":1,"1":1},"f":{"0":1},"b":{}}
,"C:\\Users\\nmjoa\\OneDrive\\Desktop\\Programacao\\Javascript\\gepetoauth\\src\\entities\\User.ts": {"path":"C:\\Users\\nmjoa\\OneDrive\\Desktop\\Programacao\\Javascript\\gepetoauth\\src\\entities\\User.ts","statementMap":{"0":{"start":{"line":1,"column":0},"end":{"line":1,"column":43}},"1":{"start":{"line":22,"column":2},"end":{"line":22,"column":28}},"2":{"start":{"line":24,"column":2},"end":{"line":26,"column":null}},"3":{"start":{"line":25,"column":3},"end":{"line":25,"column":24}},"4":{"start":{"line":3,"column":0},"end":{"line":3,"column":13}}},"fnMap":{"0":{"name":"(anonymous_0)","decl":{"start":{"line":21,"column":1},"end":{"line":21,"column":13}},"loc":{"start":{"line":21,"column":48},"end":{"line":27,"column":2}}}},"branchMap":{"0":{"loc":{"start":{"line":24,"column":2},"end":{"line":26,"column":null}},"type":"if","locations":[{"start":{"line":24,"column":2},"end":{"line":26,"column":null}},{"start":{"line":24,"column":2},"end":{"line":26,"column":null}}]}},"s":{"0":3,"1":2,"2":2,"3":2,"4":3},"f":{"0":2},"b":{"0":[2,0]}}
,"C:\\Users\\nmjoa\\OneDrive\\Desktop\\Programacao\\Javascript\\gepetoauth\\src\\loaders\\DayjsLoader.ts": {"path":"C:\\Users\\nmjoa\\OneDrive\\Desktop\\Programacao\\Javascript\\gepetoauth\\src\\loaders\\DayjsLoader.ts","statementMap":{"0":{"start":{"line":1,"column":0},"end":{"line":1,"column":26}},"1":{"start":{"line":2,"column":0},"end":{"line":2,"column":35}},"2":{"start":{"line":3,"column":0},"end":{"line":3,"column":45}},"3":{"start":{"line":7,"column":2},"end":{"line":7,"column":20}},"4":{"start":{"line":8,"column":2},"end":{"line":8,"column":25}},"5":{"start":{"line":9,"column":2},"end":{"line":9,"column":40}},"6":{"start":{"line":10,"column":2},"end":{"line":10,"column":15}},"7":{"start":{"line":5,"column":0},"end":{"line":5,"column":13}}},"fnMap":{"0":{"name":"(anonymous_1)","decl":{"start":{"line":6,"column":1},"end":{"line":6,"column":8}},"loc":{"start":{"line":6,"column":8},"end":{"line":11,"column":2}}}},"branchMap":{},"s":{"0":3,"1":3,"2":3,"3":12,"4":12,"5":12,"6":12,"7":3},"f":{"0":12},"b":{}}
,"C:\\Users\\nmjoa\\OneDrive\\Desktop\\Programacao\\Javascript\\gepetoauth\\src\\loaders\\ExpressLoader.ts": {"path":"C:\\Users\\nmjoa\\OneDrive\\Desktop\\Programacao\\Javascript\\gepetoauth\\src\\loaders\\ExpressLoader.ts","statementMap":{"0":{"start":{"line":1,"column":0},"end":{"line":1,"column":43}},"1":{"start":{"line":3,"column":0},"end":{"line":3,"column":47}},"2":{"start":{"line":4,"column":0},"end":{"line":4,"column":38}},"3":{"start":{"line":5,"column":0},"end":{"line":5,"column":43}},"4":{"start":{"line":6,"column":0},"end":{"line":6,"column":24}},"5":{"start":{"line":7,"column":0},"end":{"line":7,"column":46}},"6":{"start":{"line":8,"column":0},"end":{"line":8,"column":49}},"7":{"start":{"line":9,"column":0},"end":{"line":9,"column":28}},"8":{"start":{"line":10,"column":0},"end":{"line":10,"column":33}},"9":{"start":{"line":12,"column":0},"end":{"line":12,"column":35}},"10":{"start":{"line":13,"column":0},"end":{"line":13,"column":44}},"11":{"start":{"line":14,"column":0},"end":{"line":14,"column":43}},"12":{"start":{"line":15,"column":0},"end":{"line":15,"column":43}},"13":{"start":{"line":16,"column":0},"end":{"line":16,"column":31}},"14":{"start":{"line":17,"column":0},"end":{"line":17,"column":36}},"15":{"start":{"line":18,"column":0},"end":{"line":18,"column":41}},"16":{"start":{"line":22,"column":14},"end":{"line":22,"column":23}},"17":{"start":{"line":23,"column":16},"end":{"line":23,"column":43}},"18":{"start":{"line":25,"column":2},"end":{"line":32,"column":null}},"19":{"start":{"line":26,"column":3},"end":{"line":26,"column":29}},"20":{"start":{"line":27,"column":3},"end":{"line":27,"column":25}},"21":{"start":{"line":29,"column":3},"end":{"line":31,"column":null}},"22":{"start":{"line":30,"column":4},"end":{"line":30,"column":34}},"23":{"start":{"line":33,"column":2},"end":{"line":39,"column":4}},"24":{"start":{"line":40,"column":2},"end":{"line":50,"column":4}},"25":{"start":{"line":51,"column":2},"end":{"line":55,"column":4}},"26":{"start":{"line":56,"column":2},"end":{"line":56,"column":25}},"27":{"start":{"line":57,"column":2},"end":{"line":57,"column":20}},"28":{"start":{"line":58,"column":2},"end":{"line":58,"column":38}},"29":{"start":{"line":59,"column":2},"end":{"line":59,"column":43}},"30":{"start":{"line":60,"column":2},"end":{"line":60,"column":18}},"31":{"start":{"line":61,"column":2},"end":{"line":70,"column":4}},"32":{"start":{"line":72,"column":2},"end":{"line":72,"column":23}},"33":{"start":{"line":73,"column":2},"end":{"line":73,"column":51}},"34":{"start":{"line":74,"column":2},"end":{"line":81,"column":5}},"35":{"start":{"line":75,"column":3},"end":{"line":80,"column":5}},"36":{"start":{"line":83,"column":2},"end":{"line":83,"column":13}},"37":{"start":{"line":20,"column":0},"end":{"line":20,"column":13}}},"fnMap":{"0":{"name":"(anonymous_1)","decl":{"start":{"line":21,"column":1},"end":{"line":21,"column":8}},"loc":{"start":{"line":21,"column":8},"end":{"line":84,"column":2}}},"1":{"name":"(anonymous_2)","decl":{"start":{"line":74,"column":10},"end":{"line":74,"column":11}},"loc":{"start":{"line":74,"column":23},"end":{"line":81,"column":3}}}},"branchMap":{"0":{"loc":{"start":{"line":25,"column":2},"end":{"line":32,"column":null}},"type":"if","locations":[{"start":{"line":25,"column":2},"end":{"line":32,"column":null}},{"start":{"line":25,"column":2},"end":{"line":32,"column":null}}]},"1":{"loc":{"start":{"line":29,"column":3},"end":{"line":31,"column":null}},"type":"if","locations":[{"start":{"line":29,"column":3},"end":{"line":31,"column":null}},{"start":{"line":29,"column":3},"end":{"line":31,"column":null}}]}},"s":{"0":2,"1":2,"2":2,"3":2,"4":2,"5":2,"6":2,"7":2,"8":2,"9":2,"10":2,"11":2,"12":2,"13":2,"14":2,"15":2,"16":3,"17":3,"18":3,"19":0,"20":0,"21":3,"22":0,"23":3,"24":3,"25":3,"26":3,"27":3,"28":3,"29":3,"30":3,"31":3,"32":3,"33":3,"34":3,"35":0,"36":3,"37":2},"f":{"0":3,"1":0},"b":{"0":[0,3],"1":[0,3]}}
,"C:\\Users\\nmjoa\\OneDrive\\Desktop\\Programacao\\Javascript\\gepetoauth\\src\\loaders\\FirebaseLoader.ts": {"path":"C:\\Users\\nmjoa\\OneDrive\\Desktop\\Programacao\\Javascript\\gepetoauth\\src\\loaders\\FirebaseLoader.ts","statementMap":{"0":{"start":{"line":1,"column":0},"end":{"line":1,"column":38}},"1":{"start":{"line":3,"column":0},"end":{"line":3,"column":31}},"2":{"start":{"line":5,"column":23},"end":{"line":16,"column":2}},"3":{"start":{"line":18,"column":0},"end":{"line":21,"column":3}},"4":{"start":{"line":23,"column":0},"end":{"line":23,"column":24}},"5":{"start":{"line":24,"column":13},"end":{"line":24,"column":46}}},"fnMap":{},"branchMap":{},"s":{"0":3,"1":3,"2":3,"3":3,"4":3,"5":3},"f":{},"b":{}}
,"C:\\Users\\nmjoa\\OneDrive\\Desktop\\Programacao\\Javascript\\gepetoauth\\src\\loaders\\LoggerLoader.ts": {"path":"C:\\Users\\nmjoa\\OneDrive\\Desktop\\Programacao\\Javascript\\gepetoauth\\src\\loaders\\LoggerLoader.ts","statementMap":{"0":{"start":{"line":1,"column":0},"end":{"line":1,"column":24}},"1":{"start":{"line":3,"column":0},"end":{"line":9,"column":3}}},"fnMap":{},"branchMap":{},"s":{"0":3,"1":3},"f":{},"b":{}}
,"C:\\Users\\nmjoa\\OneDrive\\Desktop\\Programacao\\Javascript\\gepetoauth\\src\\middlewares\\Hsts.ts": {"path":"C:\\Users\\nmjoa\\OneDrive\\Desktop\\Programacao\\Javascript\\gepetoauth\\src\\middlewares\\Hsts.ts","statementMap":{"0":{"start":{"line":5,"column":25},"end":{"line":5,"column":43}},"1":{"start":{"line":7,"column":16},"end":{"line":7,"column":65}},"2":{"start":{"line":8,"column":27},"end":{"line":10,"column":9}},"3":{"start":{"line":11,"column":17},"end":{"line":11,"column":58}},"4":{"start":{"line":12,"column":15},"end":{"line":16,"column":5}},"5":{"start":{"line":15,"column":4},"end":{"line":15,"column":16}},"6":{"start":{"line":18,"column":1},"end":{"line":20,"column":null}},"7":{"start":{"line":19,"column":2},"end":{"line":19,"column":59}},"8":{"start":{"line":22,"column":14},"end":{"line":22,"column":45}},"9":{"start":{"line":23,"column":1},"end":{"line":25,"column":null}},"10":{"start":{"line":24,"column":2},"end":{"line":24,"column":34}},"11":{"start":{"line":26,"column":1},"end":{"line":28,"column":null}},"12":{"start":{"line":27,"column":2},"end":{"line":27,"column":24}},"13":{"start":{"line":30,"column":1},"end":{"line":36,"column":3}},"14":{"start":{"line":31,"column":2},"end":{"line":33,"column":null}},"15":{"start":{"line":32,"column":3},"end":{"line":32,"column":54}},"16":{"start":{"line":35,"column":2},"end":{"line":35,"column":9}},"17":{"start":{"line":4,"column":0},"end":{"line":4,"column":16}}},"fnMap":{"0":{"name":"hsts","decl":{"start":{"line":4,"column":16},"end":{"line":4,"column":20}},"loc":{"start":{"line":4,"column":41},"end":{"line":37,"column":1}}},"1":{"name":"(anonymous_1)","decl":{"start":{"line":14,"column":4},"end":{"line":14,"column":7}},"loc":{"start":{"line":14,"column":9},"end":{"line":16,"column":5}}},"2":{"name":"hsts","decl":{"start":{"line":30,"column":17},"end":{"line":30,"column":21}},"loc":{"start":{"line":30,"column":69},"end":{"line":36,"column":2}}}},"branchMap":{"0":{"loc":{"start":{"line":7,"column":33},"end":{"line":7,"column":47}},"type":"cond-expr","locations":[{"start":{"line":7,"column":33},"end":{"line":7,"column":47}},{"start":{"line":7,"column":50},"end":{"line":7,"column":65}}]},"1":{"loc":{"start":{"line":9,"column":4},"end":{"line":9,"column":29}},"type":"cond-expr","locations":[{"start":{"line":9,"column":4},"end":{"line":9,"column":29}},{"start":{"line":10,"column":4},"end":{"line":10,"column":9}}]},"2":{"loc":{"start":{"line":11,"column":35},"end":{"line":11,"column":50}},"type":"cond-expr","locations":[{"start":{"line":11,"column":35},"end":{"line":11,"column":50}},{"start":{"line":11,"column":53},"end":{"line":11,"column":58}}]},"3":{"loc":{"start":{"line":13,"column":4},"end":{"line":13,"column":17}},"type":"cond-expr","locations":[{"start":{"line":13,"column":4},"end":{"line":13,"column":17}},{"start":{"line":14,"column":4},"end":{"line":16,"column":5}}]},"4":{"loc":{"start":{"line":18,"column":1},"end":{"line":20,"column":null}},"type":"if","locations":[{"start":{"line":18,"column":1},"end":{"line":20,"column":null}},{"start":{"line":18,"column":1},"end":{"line":20,"column":null}}]},"5":{"loc":{"start":{"line":23,"column":1},"end":{"line":25,"column":null}},"type":"if","locations":[{"start":{"line":23,"column":1},"end":{"line":25,"column":null}},{"start":{"line":23,"column":1},"end":{"line":25,"column":null}}]},"6":{"loc":{"start":{"line":26,"column":1},"end":{"line":28,"column":null}},"type":"if","locations":[{"start":{"line":26,"column":1},"end":{"line":28,"column":null}},{"start":{"line":26,"column":1},"end":{"line":28,"column":null}}]},"7":{"loc":{"start":{"line":31,"column":2},"end":{"line":33,"column":null}},"type":"if","locations":[{"start":{"line":31,"column":2},"end":{"line":33,"column":null}},{"start":{"line":31,"column":2},"end":{"line":33,"column":null}}]}},"s":{"0":3,"1":3,"2":3,"3":3,"4":3,"5":8,"6":3,"7":0,"8":3,"9":3,"10":3,"11":3,"12":3,"13":3,"14":8,"15":8,"16":8,"17":2},"f":{"0":3,"1":8,"2":8},"b":{"0":[3,0],"1":[3,0],"2":[3,0],"3":[0,3],"4":[0,3],"5":[3,0],"6":[3,0],"7":[8,0]}}
,"C:\\Users\\nmjoa\\OneDrive\\Desktop\\Programacao\\Javascript\\gepetoauth\\src\\middlewares\\Ip.ts": {"path":"C:\\Users\\nmjoa\\OneDrive\\Desktop\\Programacao\\Javascript\\gepetoauth\\src\\middlewares\\Ip.ts","statementMap":{"0":{"start":{"line":2,"column":0},"end":{"line":2,"column":35}},"1":{"start":{"line":5,"column":1},"end":{"line":9,"column":3}},"2":{"start":{"line":6,"column":15},"end":{"line":6,"column":41}},"3":{"start":{"line":7,"column":2},"end":{"line":7,"column":22}},"4":{"start":{"line":8,"column":2},"end":{"line":8,"column":9}},"5":{"start":{"line":4,"column":0},"end":{"line":4,"column":16}}},"fnMap":{"0":{"name":"userIp","decl":{"start":{"line":4,"column":16},"end":{"line":4,"column":22}},"loc":{"start":{"line":4,"column":22},"end":{"line":10,"column":1}}},"1":{"name":"userIp","decl":{"start":{"line":5,"column":17},"end":{"line":5,"column":23}},"loc":{"start":{"line":5,"column":71},"end":{"line":9,"column":2}}}},"branchMap":{},"s":{"0":2,"1":3,"2":8,"3":8,"4":8,"5":2},"f":{"0":3,"1":8},"b":{}}
,"C:\\Users\\nmjoa\\OneDrive\\Desktop\\Programacao\\Javascript\\gepetoauth\\src\\providers\\implementations\\MailgunMailProvider.ts": {"path":"C:\\Users\\nmjoa\\OneDrive\\Desktop\\Programacao\\Javascript\\gepetoauth\\src\\providers\\implementations\\MailgunMailProvider.ts","statementMap":{"0":{"start":{"line":1,"column":0},"end":{"line":1,"column":36}},"1":{"start":{"line":4,"column":0},"end":{"line":4,"column":34}},"2":{"start":{"line":11,"column":2},"end":{"line":18,"column":5}},"3":{"start":{"line":22,"column":2},"end":{"line":27,"column":5}},"4":{"start":{"line":7,"column":0},"end":{"line":7,"column":13}}},"fnMap":{"0":{"name":"(anonymous_1)","decl":{"start":{"line":10,"column":1},"end":{"line":10,"column":null}},"loc":{"start":{"line":10,"column":1},"end":{"line":19,"column":2}}},"1":{"name":"(anonymous_2)","decl":{"start":{"line":21,"column":1},"end":{"line":21,"column":6}},"loc":{"start":{"line":21,"column":27},"end":{"line":28,"column":2}}}},"branchMap":{},"s":{"0":2,"1":2,"2":2,"3":1,"4":2},"f":{"0":2,"1":1},"b":{}}
,"C:\\Users\\nmjoa\\OneDrive\\Desktop\\Programacao\\Javascript\\gepetoauth\\src\\providers\\implementations\\MailtrapMailProvider.ts": {"path":"C:\\Users\\nmjoa\\OneDrive\\Desktop\\Programacao\\Javascript\\gepetoauth\\src\\providers\\implementations\\MailtrapMailProvider.ts","statementMap":{"0":{"start":{"line":1,"column":0},"end":{"line":1,"column":27}},"1":{"start":{"line":2,"column":0},"end":{"line":2,"column":36}},"2":{"start":{"line":5,"column":0},"end":{"line":5,"column":34}},"3":{"start":{"line":12,"column":2},"end":{"line":19,"column":5}},"4":{"start":{"line":23,"column":2},"end":{"line":28,"column":5}},"5":{"start":{"line":8,"column":0},"end":{"line":8,"column":13}}},"fnMap":{"0":{"name":"(anonymous_1)","decl":{"start":{"line":11,"column":1},"end":{"line":11,"column":null}},"loc":{"start":{"line":11,"column":1},"end":{"line":20,"column":2}}},"1":{"name":"(anonymous_2)","decl":{"start":{"line":22,"column":1},"end":{"line":22,"column":6}},"loc":{"start":{"line":22,"column":27},"end":{"line":29,"column":2}}}},"branchMap":{},"s":{"0":2,"1":2,"2":2,"3":2,"4":0,"5":2},"f":{"0":2,"1":0},"b":{}}
,"C:\\Users\\nmjoa\\OneDrive\\Desktop\\Programacao\\Javascript\\gepetoauth\\src\\repositories\\implementations\\FirebaseSessionsRepository.ts": {"path":"C:\\Users\\nmjoa\\OneDrive\\Desktop\\Programacao\\Javascript\\gepetoauth\\src\\repositories\\implementations\\FirebaseSessionsRepository.ts","statementMap":{"0":{"start":{"line":1,"column":0},"end":{"line":1,"column":48}},"1":{"start":{"line":4,"column":0},"end":{"line":4,"column":57}},"2":{"start":{"line":9,"column":2},"end":{"line":14,"column":null}},"3":{"start":{"line":10,"column":3},"end":{"line":10,"column":65}},"4":{"start":{"line":12,"column":3},"end":{"line":12,"column":21}},"5":{"start":{"line":13,"column":3},"end":{"line":13,"column":32}},"6":{"start":{"line":18,"column":2},"end":{"line":37,"column":null}},"7":{"start":{"line":19,"column":21},"end":{"line":22,"column":10}},"8":{"start":{"line":23,"column":3},"end":{"line":25,"column":null}},"9":{"start":{"line":24,"column":4},"end":{"line":24,"column":16}},"10":{"start":{"line":26,"column":20},"end":{"line":26,"column":36}},"11":{"start":{"line":27,"column":22},"end":{"line":32,"column":5}},"12":{"start":{"line":33,"column":3},"end":{"line":33,"column":15}},"13":{"start":{"line":35,"column":3},"end":{"line":35,"column":21}},"14":{"start":{"line":36,"column":3},"end":{"line":36,"column":32}},"15":{"start":{"line":41,"column":2},"end":{"line":63,"column":null}},"16":{"start":{"line":42,"column":21},"end":{"line":45,"column":10}},"17":{"start":{"line":46,"column":3},"end":{"line":48,"column":null}},"18":{"start":{"line":47,"column":4},"end":{"line":47,"column":16}},"19":{"start":{"line":49,"column":3},"end":{"line":51,"column":null}},"20":{"start":{"line":50,"column":4},"end":{"line":50,"column":16}},"21":{"start":{"line":52,"column":20},"end":{"line":52,"column":44}},"22":{"start":{"line":53,"column":22},"end":{"line":58,"column":5}},"23":{"start":{"line":59,"column":3},"end":{"line":59,"column":15}},"24":{"start":{"line":61,"column":3},"end":{"line":61,"column":21}},"25":{"start":{"line":62,"column":3},"end":{"line":62,"column":32}},"26":{"start":{"line":67,"column":2},"end":{"line":72,"column":null}},"27":{"start":{"line":68,"column":3},"end":{"line":68,"column":58}},"28":{"start":{"line":70,"column":3},"end":{"line":70,"column":21}},"29":{"start":{"line":71,"column":3},"end":{"line":71,"column":32}},"30":{"start":{"line":76,"column":2},"end":{"line":84,"column":null}},"31":{"start":{"line":77,"column":3},"end":{"line":80,"column":26}},"32":{"start":{"line":82,"column":3},"end":{"line":82,"column":21}},"33":{"start":{"line":83,"column":3},"end":{"line":83,"column":32}},"34":{"start":{"line":7,"column":0},"end":{"line":7,"column":13}}},"fnMap":{"0":{"name":"(anonymous_1)","decl":{"start":{"line":8,"column":1},"end":{"line":8,"column":6}},"loc":{"start":{"line":8,"column":31},"end":{"line":15,"column":2}}},"1":{"name":"(anonymous_2)","decl":{"start":{"line":17,"column":1},"end":{"line":17,"column":6}},"loc":{"start":{"line":17,"column":30},"end":{"line":38,"column":2}}},"2":{"name":"(anonymous_3)","decl":{"start":{"line":40,"column":1},"end":{"line":40,"column":6}},"loc":{"start":{"line":40,"column":49},"end":{"line":64,"column":2}}},"3":{"name":"(anonymous_4)","decl":{"start":{"line":66,"column":1},"end":{"line":66,"column":6}},"loc":{"start":{"line":66,"column":30},"end":{"line":73,"column":2}}},"4":{"name":"(anonymous_5)","decl":{"start":{"line":75,"column":1},"end":{"line":75,"column":6}},"loc":{"start":{"line":75,"column":55},"end":{"line":85,"column":2}}}},"branchMap":{"0":{"loc":{"start":{"line":23,"column":3},"end":{"line":25,"column":null}},"type":"if","locations":[{"start":{"line":23,"column":3},"end":{"line":25,"column":null}},{"start":{"line":23,"column":3},"end":{"line":25,"column":null}}]},"1":{"loc":{"start":{"line":46,"column":3},"end":{"line":48,"column":null}},"type":"if","locations":[{"start":{"line":46,"column":3},"end":{"line":48,"column":null}},{"start":{"line":46,"column":3},"end":{"line":48,"column":null}}]},"2":{"loc":{"start":{"line":49,"column":3},"end":{"line":51,"column":null}},"type":"if","locations":[{"start":{"line":49,"column":3},"end":{"line":51,"column":null}},{"start":{"line":49,"column":3},"end":{"line":51,"column":null}}]}},"s":{"0":3,"1":3,"2":4,"3":4,"4":0,"5":0,"6":5,"7":5,"8":5,"9":1,"10":4,"11":4,"12":4,"13":0,"14":0,"15":3,"16":3,"17":3,"18":3,"19":0,"20":0,"21":0,"22":0,"23":0,"24":0,"25":0,"26":1,"27":1,"28":0,"29":0,"30":1,"31":1,"32":0,"33":0,"34":3},"f":{"0":4,"1":5,"2":3,"3":1,"4":1},"b":{"0":[1,4],"1":[3,0],"2":[0,0]}}
,"C:\\Users\\nmjoa\\OneDrive\\Desktop\\Programacao\\Javascript\\gepetoauth\\src\\repositories\\implementations\\FirebaseUsersRepository.ts": {"path":"C:\\Users\\nmjoa\\OneDrive\\Desktop\\Programacao\\Javascript\\gepetoauth\\src\\repositories\\implementations\\FirebaseUsersRepository.ts","statementMap":{"0":{"start":{"line":1,"column":0},"end":{"line":1,"column":48}},"1":{"start":{"line":2,"column":0},"end":{"line":2,"column":57}},"2":{"start":{"line":8,"column":2},"end":{"line":31,"column":null}},"3":{"start":{"line":9,"column":21},"end":{"line":12,"column":10}},"4":{"start":{"line":13,"column":3},"end":{"line":26,"column":null}},"5":{"start":{"line":14,"column":17},"end":{"line":14,"column":41}},"6":{"start":{"line":15,"column":23},"end":{"line":24,"column":6}},"7":{"start":{"line":25,"column":4},"end":{"line":25,"column":16}},"8":{"start":{"line":27,"column":3},"end":{"line":27,"column":15}},"9":{"start":{"line":29,"column":3},"end":{"line":29,"column":21}},"10":{"start":{"line":30,"column":3},"end":{"line":30,"column":32}},"11":{"start":{"line":35,"column":2},"end":{"line":58,"column":null}},"12":{"start":{"line":36,"column":21},"end":{"line":39,"column":10}},"13":{"start":{"line":40,"column":3},"end":{"line":53,"column":null}},"14":{"start":{"line":41,"column":17},"end":{"line":41,"column":41}},"15":{"start":{"line":42,"column":23},"end":{"line":51,"column":6}},"16":{"start":{"line":52,"column":4},"end":{"line":52,"column":16}},"17":{"start":{"line":54,"column":3},"end":{"line":54,"column":15}},"18":{"start":{"line":56,"column":3},"end":{"line":56,"column":21}},"19":{"start":{"line":57,"column":3},"end":{"line":57,"column":32}},"20":{"start":{"line":62,"column":2},"end":{"line":77,"column":null}},"21":{"start":{"line":63,"column":26},"end":{"line":72,"column":5}},"22":{"start":{"line":73,"column":3},"end":{"line":73,"column":69}},"23":{"start":{"line":75,"column":3},"end":{"line":75,"column":21}},"24":{"start":{"line":76,"column":3},"end":{"line":76,"column":32}},"25":{"start":{"line":6,"column":0},"end":{"line":6,"column":13}}},"fnMap":{"0":{"name":"(anonymous_1)","decl":{"start":{"line":7,"column":1},"end":{"line":7,"column":6}},"loc":{"start":{"line":7,"column":38},"end":{"line":32,"column":2}}},"1":{"name":"(anonymous_2)","decl":{"start":{"line":34,"column":1},"end":{"line":34,"column":6}},"loc":{"start":{"line":34,"column":32},"end":{"line":59,"column":2}}},"2":{"name":"(anonymous_3)","decl":{"start":{"line":61,"column":1},"end":{"line":61,"column":6}},"loc":{"start":{"line":61,"column":31},"end":{"line":78,"column":2}}}},"branchMap":{"0":{"loc":{"start":{"line":13,"column":3},"end":{"line":26,"column":null}},"type":"if","locations":[{"start":{"line":13,"column":3},"end":{"line":26,"column":null}},{"start":{"line":13,"column":3},"end":{"line":26,"column":null}}]},"1":{"loc":{"start":{"line":40,"column":3},"end":{"line":53,"column":null}},"type":"if","locations":[{"start":{"line":40,"column":3},"end":{"line":53,"column":null}},{"start":{"line":40,"column":3},"end":{"line":53,"column":null}}]}},"s":{"0":2,"1":2,"2":4,"3":4,"4":4,"5":2,"6":2,"7":2,"8":2,"9":0,"10":0,"11":1,"12":1,"13":1,"14":0,"15":0,"16":0,"17":1,"18":0,"19":0,"20":1,"21":1,"22":1,"23":0,"24":0,"25":2},"f":{"0":4,"1":1,"2":1},"b":{"0":[2,2],"1":[0,1]}}
,"C:\\Users\\nmjoa\\OneDrive\\Desktop\\Programacao\\Javascript\\gepetoauth\\src\\types\\express\\index.d.ts": {"path":"C:\\Users\\nmjoa\\OneDrive\\Desktop\\Programacao\\Javascript\\gepetoauth\\src\\types\\express\\index.d.ts","statementMap":{},"fnMap":{},"branchMap":{},"s":{},"f":{},"b":{},"inputSourceMap":null}
,"C:\\Users\\nmjoa\\OneDrive\\Desktop\\Programacao\\Javascript\\gepetoauth\\src\\useCases\\Authorize\\AuthorizeController.ts": {"path":"C:\\Users\\nmjoa\\OneDrive\\Desktop\\Programacao\\Javascript\\gepetoauth\\src\\useCases\\Authorize\\AuthorizeController.ts","statementMap":{"0":{"start":{"line":1,"column":0},"end":{"line":1,"column":44}},"1":{"start":{"line":2,"column":0},"end":{"line":2,"column":48}},"2":{"start":{"line":7,"column":21},"end":{"line":7,"column":55}},"3":{"start":{"line":10,"column":2},"end":{"line":21,"column":null}},"4":{"start":{"line":11,"column":17},"end":{"line":11,"column":143}},"5":{"start":{"line":12,"column":14},"end":{"line":12,"column":24}},"6":{"start":{"line":14,"column":16},"end":{"line":14,"column":66}},"7":{"start":{"line":15,"column":3},"end":{"line":15,"column":60}},"8":{"start":{"line":17,"column":3},"end":{"line":17,"column":21}},"9":{"start":{"line":18,"column":3},"end":{"line":20,"column":68}},"10":{"start":{"line":6,"column":0},"end":{"line":6,"column":13}}},"fnMap":{"0":{"name":"(anonymous_1)","decl":{"start":{"line":7,"column":1},"end":{"line":7,"column":21}},"loc":{"start":{"line":7,"column":55},"end":{"line":7,"column":59}}},"1":{"name":"(anonymous_2)","decl":{"start":{"line":9,"column":1},"end":{"line":9,"column":6}},"loc":{"start":{"line":9,"column":41},"end":{"line":22,"column":2}}}},"branchMap":{"0":{"loc":{"start":{"line":11,"column":33},"end":{"line":11,"column":35}},"type":"cond-expr","locations":[{"start":{"line":11,"column":33},"end":{"line":11,"column":35}},{"start":{"line":11,"column":33},"end":{"line":11,"column":42}}]},"1":{"loc":{"start":{"line":11,"column":20},"end":{"line":11,"column":35}},"type":"binary-expr","locations":[{"start":{"line":11,"column":20},"end":{"line":11,"column":35}},{"start":{"line":11,"column":33},"end":{"line":11,"column":35}}]},"2":{"loc":{"start":{"line":11,"column":59},"end":{"line":11,"column":61}},"type":"cond-expr","locations":[{"start":{"line":11,"column":59},"end":{"line":11,"column":61}},{"start":{"line":11,"column":59},"end":{"line":11,"column":68}}]},"3":{"loc":{"start":{"line":11,"column":46},"end":{"line":11,"column":61}},"type":"binary-expr","locations":[{"start":{"line":11,"column":46},"end":{"line":11,"column":61}},{"start":{"line":11,"column":59},"end":{"line":11,"column":61}}]},"4":{"loc":{"start":{"line":11,"column":85},"end":{"line":11,"column":87}},"type":"cond-expr","locations":[{"start":{"line":11,"column":85},"end":{"line":11,"column":87}},{"start":{"line":11,"column":85},"end":{"line":11,"column":89}}]},"5":{"loc":{"start":{"line":11,"column":72},"end":{"line":11,"column":87}},"type":"binary-expr","locations":[{"start":{"line":11,"column":72},"end":{"line":11,"column":87}},{"start":{"line":11,"column":85},"end":{"line":11,"column":87}}]},"6":{"loc":{"start":{"line":11,"column":106},"end":{"line":11,"column":108}},"type":"cond-expr","locations":[{"start":{"line":11,"column":106},"end":{"line":11,"column":108}},{"start":{"line":11,"column":106},"end":{"line":11,"column":116}}]},"7":{"loc":{"start":{"line":11,"column":93},"end":{"line":11,"column":108}},"type":"binary-expr","locations":[{"start":{"line":11,"column":93},"end":{"line":11,"column":108}},{"start":{"line":11,"column":106},"end":{"line":11,"column":108}}]},"8":{"loc":{"start":{"line":11,"column":133},"end":{"line":11,"column":135}},"type":"cond-expr","locations":[{"start":{"line":11,"column":133},"end":{"line":11,"column":135}},{"start":{"line":11,"column":133},"end":{"line":11,"column":141}}]},"9":{"loc":{"start":{"line":11,"column":120},"end":{"line":11,"column":135}},"type":"binary-expr","locations":[{"start":{"line":11,"column":120},"end":{"line":11,"column":135}},{"start":{"line":11,"column":133},"end":{"line":11,"column":135}}]}},"s":{"0":2,"1":2,"2":2,"3":1,"4":1,"5":1,"6":1,"7":1,"8":0,"9":0,"10":2},"f":{"0":2,"1":1},"b":{"0":[0,1],"1":[1,1],"2":[0,1],"3":[1,1],"4":[0,1],"5":[1,1],"6":[0,1],"7":[1,1],"8":[0,1],"9":[1,1]}}
,"C:\\Users\\nmjoa\\OneDrive\\Desktop\\Programacao\\Javascript\\gepetoauth\\src\\useCases\\Authorize\\AuthorizeUseCase.ts": {"path":"C:\\Users\\nmjoa\\OneDrive\\Desktop\\Programacao\\Javascript\\gepetoauth\\src\\useCases\\Authorize\\AuthorizeUseCase.ts","statementMap":{"0":{"start":{"line":1,"column":0},"end":{"line":1,"column":48}},"1":{"start":{"line":2,"column":0},"end":{"line":2,"column":56}},"2":{"start":{"line":3,"column":0},"end":{"line":3,"column":56}},"3":{"start":{"line":8,"column":21},"end":{"line":8,"column":60}},"4":{"start":{"line":11,"column":2},"end":{"line":38,"column":null}},"5":{"start":{"line":12,"column":16},"end":{"line":12,"column":36}},"6":{"start":{"line":13,"column":17},"end":{"line":13,"column":44}},"7":{"start":{"line":15,"column":31},"end":{"line":17,"column":null}},"8":{"start":{"line":19,"column":28},"end":{"line":21,"column":null}},"9":{"start":{"line":24,"column":3},"end":{"line":26,"column":null}},"10":{"start":{"line":25,"column":4},"end":{"line":25,"column":63}},"11":{"start":{"line":28,"column":3},"end":{"line":33,"column":6}},"12":{"start":{"line":34,"column":3},"end":{"line":34,"column":15}},"13":{"start":{"line":36,"column":3},"end":{"line":36,"column":21}},"14":{"start":{"line":37,"column":3},"end":{"line":37,"column":70}},"15":{"start":{"line":7,"column":0},"end":{"line":7,"column":13}}},"fnMap":{"0":{"name":"(anonymous_1)","decl":{"start":{"line":8,"column":1},"end":{"line":8,"column":21}},"loc":{"start":{"line":8,"column":60},"end":{"line":8,"column":64}}},"1":{"name":"(anonymous_2)","decl":{"start":{"line":10,"column":1},"end":{"line":10,"column":6}},"loc":{"start":{"line":10,"column":34},"end":{"line":39,"column":2}}}},"branchMap":{"0":{"loc":{"start":{"line":24,"column":3},"end":{"line":26,"column":null}},"type":"if","locations":[{"start":{"line":24,"column":3},"end":{"line":26,"column":null}},{"start":{"line":24,"column":3},"end":{"line":26,"column":null}}]},"1":{"loc":{"start":{"line":24,"column":7},"end":{"line":24,"column":26}},"type":"binary-expr","locations":[{"start":{"line":24,"column":7},"end":{"line":24,"column":26}},{"start":{"line":24,"column":30},"end":{"line":24,"column":46}}]},"2":{"loc":{"start":{"line":37,"column":19},"end":{"line":37,"column":30}},"type":"binary-expr","locations":[{"start":{"line":37,"column":19},"end":{"line":37,"column":30}},{"start":{"line":37,"column":34},"end":{"line":37,"column":68}}]}},"s":{"0":2,"1":2,"2":2,"3":2,"4":1,"5":1,"6":1,"7":1,"8":1,"9":1,"10":0,"11":1,"12":1,"13":0,"14":0,"15":2},"f":{"0":2,"1":1},"b":{"0":[0,1],"1":[1,0],"2":[0,0]}}
,"C:\\Users\\nmjoa\\OneDrive\\Desktop\\Programacao\\Javascript\\gepetoauth\\src\\useCases\\Authorize\\index.ts": {"path":"C:\\Users\\nmjoa\\OneDrive\\Desktop\\Programacao\\Javascript\\gepetoauth\\src\\useCases\\Authorize\\index.ts","statementMap":{"0":{"start":{"line":1,"column":0},"end":{"line":1,"column":107}},"1":{"start":{"line":2,"column":0},"end":{"line":2,"column":60}},"2":{"start":{"line":3,"column":0},"end":{"line":3,"column":54}},"3":{"start":{"line":5,"column":35},"end":{"line":5,"column":67}},"4":{"start":{"line":7,"column":25},"end":{"line":7,"column":73}},"5":{"start":{"line":10,"column":9},"end":{"line":10,"column":25}},"6":{"start":{"line":8,"column":28},"end":{"line":8,"column":69}},"7":{"start":{"line":10,"column":27},"end":{"line":10,"column":46}}},"fnMap":{},"branchMap":{},"s":{"0":2,"1":2,"2":2,"3":2,"4":2,"5":2,"6":2,"7":2},"f":{},"b":{}}
,"C:\\Users\\nmjoa\\OneDrive\\Desktop\\Programacao\\Javascript\\gepetoauth\\src\\useCases\\CreateUser\\CreateUserController.ts": {"path":"C:\\Users\\nmjoa\\OneDrive\\Desktop\\Programacao\\Javascript\\gepetoauth\\src\\useCases\\CreateUser\\CreateUserController.ts","statementMap":{"0":{"start":{"line":4,"column":0},"end":{"line":4,"column":null}},"1":{"start":{"line":9,"column":0},"end":{"line":9,"column":44}},"2":{"start":{"line":12,"column":21},"end":{"line":12,"column":57}},"3":{"start":{"line":15,"column":38},"end":{"line":15,"column":46}},"4":{"start":{"line":16,"column":16},"end":{"line":16,"column":142}},"5":{"start":{"line":17,"column":13},"end":{"line":17,"column":23}},"6":{"start":{"line":19,"column":29},"end":{"line":19,"column":55}},"7":{"start":{"line":20,"column":26},"end":{"line":20,"column":46}},"8":{"start":{"line":21,"column":29},"end":{"line":21,"column":55}},"9":{"start":{"line":23,"column":2},"end":{"line":36,"column":null}},"10":{"start":{"line":28,"column":3},"end":{"line":35,"column":5}},"11":{"start":{"line":38,"column":2},"end":{"line":38,"column":38}},"12":{"start":{"line":39,"column":2},"end":{"line":39,"column":32}},"13":{"start":{"line":41,"column":2},"end":{"line":54,"column":null}},"14":{"start":{"line":42,"column":3},"end":{"line":48,"column":6}},"15":{"start":{"line":49,"column":3},"end":{"line":49,"column":63}},"16":{"start":{"line":51,"column":3},"end":{"line":53,"column":66}},"17":{"start":{"line":11,"column":0},"end":{"line":11,"column":13}}},"fnMap":{"0":{"name":"(anonymous_1)","decl":{"start":{"line":12,"column":1},"end":{"line":12,"column":21}},"loc":{"start":{"line":12,"column":57},"end":{"line":12,"column":61}}},"1":{"name":"(anonymous_2)","decl":{"start":{"line":14,"column":1},"end":{"line":14,"column":6}},"loc":{"start":{"line":14,"column":41},"end":{"line":55,"column":2}}}},"branchMap":{"0":{"loc":{"start":{"line":16,"column":32},"end":{"line":16,"column":34}},"type":"cond-expr","locations":[{"start":{"line":16,"column":32},"end":{"line":16,"column":34}},{"start":{"line":16,"column":32},"end":{"line":16,"column":41}}]},"1":{"loc":{"start":{"line":16,"column":19},"end":{"line":16,"column":34}},"type":"binary-expr","locations":[{"start":{"line":16,"column":19},"end":{"line":16,"column":34}},{"start":{"line":16,"column":32},"end":{"line":16,"column":34}}]},"2":{"loc":{"start":{"line":16,"column":58},"end":{"line":16,"column":60}},"type":"cond-expr","locations":[{"start":{"line":16,"column":58},"end":{"line":16,"column":60}},{"start":{"line":16,"column":58},"end":{"line":16,"column":67}}]},"3":{"loc":{"start":{"line":16,"column":45},"end":{"line":16,"column":60}},"type":"binary-expr","locations":[{"start":{"line":16,"column":45},"end":{"line":16,"column":60}},{"start":{"line":16,"column":58},"end":{"line":16,"column":60}}]},"4":{"loc":{"start":{"line":16,"column":84},"end":{"line":16,"column":86}},"type":"cond-expr","locations":[{"start":{"line":16,"column":84},"end":{"line":16,"column":86}},{"start":{"line":16,"column":84},"end":{"line":16,"column":88}}]},"5":{"loc":{"start":{"line":16,"column":71},"end":{"line":16,"column":86}},"type":"binary-expr","locations":[{"start":{"line":16,"column":71},"end":{"line":16,"column":86}},{"start":{"line":16,"column":84},"end":{"line":16,"column":86}}]},"6":{"loc":{"start":{"line":16,"column":105},"end":{"line":16,"column":107}},"type":"cond-expr","locations":[{"start":{"line":16,"column":105},"end":{"line":16,"column":107}},{"start":{"line":16,"column":105},"end":{"line":16,"column":115}}]},"7":{"loc":{"start":{"line":16,"column":92},"end":{"line":16,"column":107}},"type":"binary-expr","locations":[{"start":{"line":16,"column":92},"end":{"line":16,"column":107}},{"start":{"line":16,"column":105},"end":{"line":16,"column":107}}]},"8":{"loc":{"start":{"line":16,"column":132},"end":{"line":16,"column":134}},"type":"cond-expr","locations":[{"start":{"line":16,"column":132},"end":{"line":16,"column":134}},{"start":{"line":16,"column":132},"end":{"line":16,"column":140}}]},"9":{"loc":{"start":{"line":16,"column":119},"end":{"line":16,"column":134}},"type":"binary-expr","locations":[{"start":{"line":16,"column":119},"end":{"line":16,"column":134}},{"start":{"line":16,"column":132},"end":{"line":16,"column":134}}]},"10":{"loc":{"start":{"line":23,"column":2},"end":{"line":36,"column":null}},"type":"if","locations":[{"start":{"line":23,"column":2},"end":{"line":36,"column":null}},{"start":{"line":23,"column":2},"end":{"line":36,"column":null}}]},"11":{"loc":{"start":{"line":24,"column":3},"end":{"line":24,"column":27}},"type":"binary-expr","locations":[{"start":{"line":24,"column":3},"end":{"line":24,"column":27}},{"start":{"line":25,"column":3},"end":{"line":25,"column":24}},{"start":{"line":26,"column":3},"end":{"line":26,"column":27}}]},"12":{"loc":{"start":{"line":31,"column":6},"end":{"line":31,"column":32}},"type":"binary-expr","locations":[{"start":{"line":31,"column":6},"end":{"line":31,"column":32}},{"start":{"line":32,"column":6},"end":{"line":32,"column":29}},{"start":{"line":33,"column":6},"end":{"line":33,"column":32}}]}},"s":{"0":2,"1":2,"2":2,"3":1,"4":1,"5":1,"6":1,"7":1,"8":1,"9":1,"10":0,"11":1,"12":1,"13":1,"14":1,"15":1,"16":0,"17":2},"f":{"0":2,"1":1},"b":{"0":[0,1],"1":[1,1],"2":[0,1],"3":[1,1],"4":[0,1],"5":[1,1],"6":[0,1],"7":[1,1],"8":[0,1],"9":[1,1],"10":[0,1],"11":[1,1,1],"12":[0,0,0]}}
,"C:\\Users\\nmjoa\\OneDrive\\Desktop\\Programacao\\Javascript\\gepetoauth\\src\\useCases\\CreateUser\\CreateUserUseCase.ts": {"path":"C:\\Users\\nmjoa\\OneDrive\\Desktop\\Programacao\\Javascript\\gepetoauth\\src\\useCases\\CreateUser\\CreateUserUseCase.ts","statementMap":{"0":{"start":{"line":1,"column":0},"end":{"line":1,"column":28}},"1":{"start":{"line":3,"column":0},"end":{"line":3,"column":43}},"2":{"start":{"line":6,"column":0},"end":{"line":6,"column":49}},"3":{"start":{"line":8,"column":0},"end":{"line":8,"column":48}},"4":{"start":{"line":12,"column":10},"end":{"line":12,"column":43}},"5":{"start":{"line":13,"column":10},"end":{"line":13,"column":37}},"6":{"start":{"line":17,"column":2},"end":{"line":64,"column":null}},"7":{"start":{"line":18,"column":22},"end":{"line":19,"column":null}},"8":{"start":{"line":21,"column":23},"end":{"line":22,"column":null}},"9":{"start":{"line":25,"column":3},"end":{"line":27,"column":null}},"10":{"start":{"line":26,"column":4},"end":{"line":26,"column":56}},"11":{"start":{"line":29,"column":20},"end":{"line":29,"column":56}},"12":{"start":{"line":30,"column":16},"end":{"line":45,"column":5}},"13":{"start":{"line":47,"column":3},"end":{"line":47,"column":50}},"14":{"start":{"line":48,"column":3},"end":{"line":60,"column":6}},"15":{"start":{"line":62,"column":3},"end":{"line":62,"column":21}},"16":{"start":{"line":63,"column":3},"end":{"line":63,"column":55}},"17":{"start":{"line":10,"column":0},"end":{"line":10,"column":13}}},"fnMap":{"0":{"name":"(anonymous_1)","decl":{"start":{"line":11,"column":1},"end":{"line":11,"column":null}},"loc":{"start":{"line":13,"column":37},"end":{"line":14,"column":5}}},"1":{"name":"(anonymous_2)","decl":{"start":{"line":16,"column":1},"end":{"line":16,"column":6}},"loc":{"start":{"line":16,"column":42},"end":{"line":65,"column":2}}}},"branchMap":{"0":{"loc":{"start":{"line":25,"column":3},"end":{"line":27,"column":null}},"type":"if","locations":[{"start":{"line":25,"column":3},"end":{"line":27,"column":null}},{"start":{"line":25,"column":3},"end":{"line":27,"column":null}}]},"1":{"loc":{"start":{"line":25,"column":7},"end":{"line":25,"column":17}},"type":"binary-expr","locations":[{"start":{"line":25,"column":7},"end":{"line":25,"column":17}},{"start":{"line":25,"column":21},"end":{"line":25,"column":32}}]}},"s":{"0":2,"1":2,"2":2,"3":2,"4":2,"5":2,"6":1,"7":1,"8":1,"9":1,"10":0,"11":1,"12":1,"13":1,"14":1,"15":0,"16":0,"17":2},"f":{"0":2,"1":1},"b":{"0":[0,1],"1":[1,1]}}
,"C:\\Users\\nmjoa\\OneDrive\\Desktop\\Programacao\\Javascript\\gepetoauth\\src\\useCases\\CreateUser\\index.ts": {"path":"C:\\Users\\nmjoa\\OneDrive\\Desktop\\Programacao\\Javascript\\gepetoauth\\src\\useCases\\CreateUser\\index.ts","statementMap":{"0":{"start":{"line":1,"column":0},"end":{"line":1,"column":90}},"1":{"start":{"line":2,"column":0},"end":{"line":2,"column":92}},"2":{"start":{"line":3,"column":0},"end":{"line":3,"column":101}},"3":{"start":{"line":4,"column":0},"end":{"line":4,"column":62}},"4":{"start":{"line":5,"column":0},"end":{"line":5,"column":56}},"5":{"start":{"line":7,"column":29},"end":{"line":7,"column":55}},"6":{"start":{"line":8,"column":28},"end":{"line":8,"column":53}},"7":{"start":{"line":9,"column":32},"end":{"line":9,"column":61}},"8":{"start":{"line":11,"column":26},"end":{"line":15,"column":null}},"9":{"start":{"line":20,"column":9},"end":{"line":20,"column":26}},"10":{"start":{"line":18,"column":29},"end":{"line":18,"column":72}},"11":{"start":{"line":20,"column":28},"end":{"line":20,"column":48}}},"fnMap":{},"branchMap":{"0":{"loc":{"start":{"line":14,"column":4},"end":{"line":14,"column":24}},"type":"cond-expr","locations":[{"start":{"line":14,"column":4},"end":{"line":14,"column":24}},{"start":{"line":15,"column":4},"end":{"line":15,"column":23}}]}},"s":{"0":2,"1":2,"2":2,"3":2,"4":2,"5":2,"6":2,"7":2,"8":2,"9":2,"10":2,"11":2},"f":{},"b":{"0":[0,2]}}
,"C:\\Users\\nmjoa\\OneDrive\\Desktop\\Programacao\\Javascript\\gepetoauth\\src\\useCases\\Login\\LoginController.ts": {"path":"C:\\Users\\nmjoa\\OneDrive\\Desktop\\Programacao\\Javascript\\gepetoauth\\src\\useCases\\Login\\LoginController.ts","statementMap":{"0":{"start":{"line":3,"column":0},"end":{"line":3,"column":44}},"1":{"start":{"line":4,"column":0},"end":{"line":4,"column":48}},"2":{"start":{"line":6,"column":0},"end":{"line":6,"column":null}},"3":{"start":{"line":13,"column":21},"end":{"line":13,"column":47}},"4":{"start":{"line":16,"column":2},"end":{"line":63,"column":null}},"5":{"start":{"line":17,"column":32},"end":{"line":17,"column":40}},"6":{"start":{"line":18,"column":14},"end":{"line":18,"column":36}},"7":{"start":{"line":19,"column":17},"end":{"line":19,"column":143}},"8":{"start":{"line":20,"column":14},"end":{"line":20,"column":24}},"9":{"start":{"line":22,"column":30},"end":{"line":22,"column":56}},"10":{"start":{"line":23,"column":30},"end":{"line":23,"column":56}},"11":{"start":{"line":24,"column":26},"end":{"line":24,"column":44}},"12":{"start":{"line":26,"column":3},"end":{"line":39,"column":null}},"13":{"start":{"line":31,"column":4},"end":{"line":38,"column":6}},"14":{"start":{"line":41,"column":3},"end":{"line":41,"column":39}},"15":{"start":{"line":42,"column":3},"end":{"line":42,"column":39}},"16":{"start":{"line":43,"column":3},"end":{"line":43,"column":31}},"17":{"start":{"line":48,"column":7},"end":{"line":54,"column":5}},"18":{"start":{"line":55,"column":3},"end":{"line":57,"column":5}},"19":{"start":{"line":59,"column":3},"end":{"line":59,"column":21}},"20":{"start":{"line":60,"column":3},"end":{"line":62,"column":68}},"21":{"start":{"line":12,"column":0},"end":{"line":12,"column":13}}},"fnMap":{"0":{"name":"(anonymous_1)","decl":{"start":{"line":13,"column":1},"end":{"line":13,"column":21}},"loc":{"start":{"line":13,"column":47},"end":{"line":13,"column":51}}},"1":{"name":"(anonymous_2)","decl":{"start":{"line":15,"column":1},"end":{"line":15,"column":6}},"loc":{"start":{"line":15,"column":41},"end":{"line":64,"column":2}}}},"branchMap":{"0":{"loc":{"start":{"line":19,"column":33},"end":{"line":19,"column":35}},"type":"cond-expr","locations":[{"start":{"line":19,"column":33},"end":{"line":19,"column":35}},{"start":{"line":19,"column":33},"end":{"line":19,"column":42}}]},"1":{"loc":{"start":{"line":19,"column":20},"end":{"line":19,"column":35}},"type":"binary-expr","locations":[{"start":{"line":19,"column":20},"end":{"line":19,"column":35}},{"start":{"line":19,"column":33},"end":{"line":19,"column":35}}]},"2":{"loc":{"start":{"line":19,"column":59},"end":{"line":19,"column":61}},"type":"cond-expr","locations":[{"start":{"line":19,"column":59},"end":{"line":19,"column":61}},{"start":{"line":19,"column":59},"end":{"line":19,"column":68}}]},"3":{"loc":{"start":{"line":19,"column":46},"end":{"line":19,"column":61}},"type":"binary-expr","locations":[{"start":{"line":19,"column":46},"end":{"line":19,"column":61}},{"start":{"line":19,"column":59},"end":{"line":19,"column":61}}]},"4":{"loc":{"start":{"line":19,"column":85},"end":{"line":19,"column":87}},"type":"cond-expr","locations":[{"start":{"line":19,"column":85},"end":{"line":19,"column":87}},{"start":{"line":19,"column":85},"end":{"line":19,"column":89}}]},"5":{"loc":{"start":{"line":19,"column":72},"end":{"line":19,"column":87}},"type":"binary-expr","locations":[{"start":{"line":19,"column":72},"end":{"line":19,"column":87}},{"start":{"line":19,"column":85},"end":{"line":19,"column":87}}]},"6":{"loc":{"start":{"line":19,"column":106},"end":{"line":19,"column":108}},"type":"cond-expr","locations":[{"start":{"line":19,"column":106},"end":{"line":19,"column":108}},{"start":{"line":19,"column":106},"end":{"line":19,"column":116}}]},"7":{"loc":{"start":{"line":19,"column":93},"end":{"line":19,"column":108}},"type":"binary-expr","locations":[{"start":{"line":19,"column":93},"end":{"line":19,"column":108}},{"start":{"line":19,"column":106},"end":{"line":19,"column":108}}]},"8":{"loc":{"start":{"line":19,"column":133},"end":{"line":19,"column":135}},"type":"cond-expr","locations":[{"start":{"line":19,"column":133},"end":{"line":19,"column":135}},{"start":{"line":19,"column":133},"end":{"line":19,"column":141}}]},"9":{"loc":{"start":{"line":19,"column":120},"end":{"line":19,"column":135}},"type":"binary-expr","locations":[{"start":{"line":19,"column":120},"end":{"line":19,"column":135}},{"start":{"line":19,"column":133},"end":{"line":19,"column":135}}]},"10":{"loc":{"start":{"line":26,"column":3},"end":{"line":39,"column":null}},"type":"if","locations":[{"start":{"line":26,"column":3},"end":{"line":39,"column":null}},{"start":{"line":26,"column":3},"end":{"line":39,"column":null}}]},"11":{"loc":{"start":{"line":27,"column":4},"end":{"line":27,"column":28}},"type":"binary-expr","locations":[{"start":{"line":27,"column":4},"end":{"line":27,"column":28}},{"start":{"line":28,"column":4},"end":{"line":28,"column":28}},{"start":{"line":29,"column":4},"end":{"line":29,"column":24}}]},"12":{"loc":{"start":{"line":34,"column":7},"end":{"line":34,"column":33}},"type":"binary-expr","locations":[{"start":{"line":34,"column":7},"end":{"line":34,"column":33}},{"start":{"line":35,"column":7},"end":{"line":35,"column":33}},{"start":{"line":36,"column":7},"end":{"line":36,"column":29}}]}},"s":{"0":2,"1":2,"2":2,"3":2,"4":6,"5":6,"6":6,"7":6,"8":6,"9":6,"10":6,"11":6,"12":6,"13":2,"14":4,"15":4,"16":4,"17":4,"18":1,"19":3,"20":3,"21":2},"f":{"0":2,"1":6},"b":{"0":[0,6],"1":[6,6],"2":[0,6],"3":[6,6],"4":[0,6],"5":[6,6],"6":[0,6],"7":[6,6],"8":[0,6],"9":[6,6],"10":[2,4],"11":[6,6,5],"12":[2,2,1]}}
,"C:\\Users\\nmjoa\\OneDrive\\Desktop\\Programacao\\Javascript\\gepetoauth\\src\\useCases\\Login\\LoginUseCase.ts": {"path":"C:\\Users\\nmjoa\\OneDrive\\Desktop\\Programacao\\Javascript\\gepetoauth\\src\\useCases\\Login\\LoginUseCase.ts","statementMap":{"0":{"start":{"line":1,"column":0},"end":{"line":1,"column":28}},"1":{"start":{"line":6,"column":0},"end":{"line":6,"column":56}},"2":{"start":{"line":7,"column":0},"end":{"line":7,"column":75}},"3":{"start":{"line":11,"column":10},"end":{"line":11,"column":49}},"4":{"start":{"line":12,"column":10},"end":{"line":12,"column":43}},"5":{"start":{"line":18,"column":16},"end":{"line":18,"column":43}},"6":{"start":{"line":20,"column":21},"end":{"line":20,"column":70}},"7":{"start":{"line":21,"column":2},"end":{"line":23,"column":null}},"8":{"start":{"line":22,"column":3},"end":{"line":22,"column":37}},"9":{"start":{"line":25,"column":25},"end":{"line":25,"column":42}},"10":{"start":{"line":26,"column":2},"end":{"line":28,"column":null}},"11":{"start":{"line":27,"column":3},"end":{"line":27,"column":37}},"12":{"start":{"line":30,"column":2},"end":{"line":34,"column":null}},"13":{"start":{"line":31,"column":3},"end":{"line":33,"column":5}},"14":{"start":{"line":36,"column":21},"end":{"line":37,"column":null}},"15":{"start":{"line":39,"column":2},"end":{"line":41,"column":null}},"16":{"start":{"line":40,"column":3},"end":{"line":40,"column":43}},"17":{"start":{"line":43,"column":24},"end":{"line":45,"column":null}},"18":{"start":{"line":47,"column":2},"end":{"line":49,"column":null}},"19":{"start":{"line":48,"column":3},"end":{"line":48,"column":38}},"20":{"start":{"line":51,"column":23},"end":{"line":51,"column":43}},"21":{"start":{"line":52,"column":31},"end":{"line":52,"column":63}},"22":{"start":{"line":53,"column":2},"end":{"line":58,"column":5}},"23":{"start":{"line":59,"column":22},"end":{"line":66,"column":4}},"24":{"start":{"line":68,"column":2},"end":{"line":68,"column":54}},"25":{"start":{"line":69,"column":2},"end":{"line":69,"column":39}},"26":{"start":{"line":9,"column":0},"end":{"line":9,"column":13}}},"fnMap":{"0":{"name":"(anonymous_1)","decl":{"start":{"line":10,"column":1},"end":{"line":10,"column":null}},"loc":{"start":{"line":12,"column":43},"end":{"line":13,"column":5}}},"1":{"name":"(anonymous_2)","decl":{"start":{"line":15,"column":1},"end":{"line":15,"column":6}},"loc":{"start":{"line":16,"column":17},"end":{"line":70,"column":2}}}},"branchMap":{"0":{"loc":{"start":{"line":21,"column":2},"end":{"line":23,"column":null}},"type":"if","locations":[{"start":{"line":21,"column":2},"end":{"line":23,"column":null}},{"start":{"line":21,"column":2},"end":{"line":23,"column":null}}]},"1":{"loc":{"start":{"line":26,"column":2},"end":{"line":28,"column":null}},"type":"if","locations":[{"start":{"line":26,"column":2},"end":{"line":28,"column":null}},{"start":{"line":26,"column":2},"end":{"line":28,"column":null}}]},"2":{"loc":{"start":{"line":30,"column":2},"end":{"line":34,"column":null}},"type":"if","locations":[{"start":{"line":30,"column":2},"end":{"line":34,"column":null}},{"start":{"line":30,"column":2},"end":{"line":34,"column":null}}]},"3":{"loc":{"start":{"line":30,"column":6},"end":{"line":30,"column":37}},"type":"binary-expr","locations":[{"start":{"line":30,"column":6},"end":{"line":30,"column":37}},{"start":{"line":30,"column":41},"end":{"line":30,"column":66}}]},"4":{"loc":{"start":{"line":39,"column":2},"end":{"line":41,"column":null}},"type":"if","locations":[{"start":{"line":39,"column":2},"end":{"line":41,"column":null}},{"start":{"line":39,"column":2},"end":{"line":41,"column":null}}]},"5":{"loc":{"start":{"line":47,"column":2},"end":{"line":49,"column":null}},"type":"if","locations":[{"start":{"line":47,"column":2},"end":{"line":49,"column":null}},{"start":{"line":47,"column":2},"end":{"line":49,"column":null}}]}},"s":{"0":2,"1":2,"2":2,"3":2,"4":2,"5":4,"6":4,"7":4,"8":0,"9":4,"10":4,"11":1,"12":3,"13":0,"14":3,"15":3,"16":1,"17":2,"18":2,"19":1,"20":1,"21":1,"22":1,"23":1,"24":1,"25":1,"26":2},"f":{"0":2,"1":4},"b":{"0":[0,4],"1":[1,3],"2":[0,3],"3":[3,0],"4":[1,2],"5":[1,1]}}
,"C:\\Users\\nmjoa\\OneDrive\\Desktop\\Programacao\\Javascript\\gepetoauth\\src\\useCases\\Login\\index.ts": {"path":"C:\\Users\\nmjoa\\OneDrive\\Desktop\\Programacao\\Javascript\\gepetoauth\\src\\useCases\\Login\\index.ts","statementMap":{"0":{"start":{"line":1,"column":0},"end":{"line":1,"column":107}},"1":{"start":{"line":2,"column":0},"end":{"line":2,"column":101}},"2":{"start":{"line":3,"column":0},"end":{"line":3,"column":52}},"3":{"start":{"line":4,"column":0},"end":{"line":4,"column":46}},"4":{"start":{"line":6,"column":35},"end":{"line":6,"column":67}},"5":{"start":{"line":7,"column":32},"end":{"line":7,"column":61}},"6":{"start":{"line":9,"column":21},"end":{"line":11,"column":null}},"7":{"start":{"line":16,"column":9},"end":{"line":16,"column":21}},"8":{"start":{"line":14,"column":24},"end":{"line":14,"column":57}},"9":{"start":{"line":16,"column":23},"end":{"line":16,"column":38}}},"fnMap":{},"branchMap":{},"s":{"0":2,"1":2,"2":2,"3":2,"4":2,"5":2,"6":2,"7":2,"8":2,"9":2},"f":{},"b":{}}
,"C:\\Users\\nmjoa\\OneDrive\\Desktop\\Programacao\\Javascript\\gepetoauth\\src\\utils\\response.ts": {"path":"C:\\Users\\nmjoa\\OneDrive\\Desktop\\Programacao\\Javascript\\gepetoauth\\src\\utils\\response.ts","statementMap":{"0":{"start":{"line":3,"column":13},"end":{"line":38,"column":2}},"1":{"start":{"line":43,"column":13},"end":{"line":77,"column":2}},"2":{"start":{"line":79,"column":13},"end":{"line":80,"column":144}},"3":{"start":{"line":87,"column":15},"end":{"line":90,"column":null}},"4":{"start":{"line":92,"column":1},"end":{"line":92,"column":17}},"5":{"start":{"line":82,"column":0},"end":{"line":82,"column":24}}},"fnMap":{"0":{"name":"response","decl":{"start":{"line":82,"column":24},"end":{"line":82,"column":32}},"loc":{"start":{"line":85,"column":16},"end":{"line":93,"column":1}}}},"branchMap":{"0":{"loc":{"start":{"line":88,"column":27},"end":{"line":88,"column":34}},"type":"cond-expr","locations":[{"start":{"line":88,"column":27},"end":{"line":88,"column":34}},{"start":{"line":88,"column":37},"end":{"line":88,"column":65}}]}},"s":{"0":2,"1":2,"2":2,"3":8,"4":8,"5":2},"f":{"0":8},"b":{"0":[6,2]}}
,"C:\\Users\\nmjoa\\OneDrive\\Desktop\\Programacao\\Javascript\\gepetoauth\\src\\utils\\tokens.ts": {"path":"C:\\Users\\nmjoa\\OneDrive\\Desktop\\Programacao\\Javascript\\gepetoauth\\src\\utils\\tokens.ts","statementMap":{"0":{"start":{"line":1,"column":0},"end":{"line":1,"column":22}},"1":{"start":{"line":3,"column":0},"end":{"line":3,"column":31}},"2":{"start":{"line":4,"column":0},"end":{"line":4,"column":53}},"3":{"start":{"line":6,"column":14},"end":{"line":6,"column":41}},"4":{"start":{"line":25,"column":14},"end":{"line":25,"column":26}},"5":{"start":{"line":26,"column":14},"end":{"line":26,"column":16}},"6":{"start":{"line":27,"column":20},"end":{"line":27,"column":31}},"7":{"start":{"line":28,"column":1},"end":{"line":30,"column":null}},"8":{"start":{"line":28,"column":18},"end":{"line":28,"column":19}},"9":{"start":{"line":29,"column":2},"end":{"line":29,"column":64}},"10":{"start":{"line":31,"column":1},"end":{"line":31,"column":15}},"11":{"start":{"line":24,"column":0},"end":{"line":24,"column":16}},"12":{"start":{"line":35,"column":35},"end":{"line":39,"column":3}},"13":{"start":{"line":40,"column":19},"end":{"line":45,"column":3}},"14":{"start":{"line":46,"column":1},"end":{"line":46,"column":18}},"15":{"start":{"line":34,"column":0},"end":{"line":34,"column":16}},"16":{"start":{"line":52,"column":17},"end":{"line":52,"column":75}},"17":{"start":{"line":53,"column":1},"end":{"line":65,"column":null}},"18":{"start":{"line":54,"column":29},"end":{"line":54,"column":72}},"19":{"start":{"line":55,"column":44},"end":{"line":59,"column":4}},"20":{"start":{"line":60,"column":14},"end":{"line":60,"column":31}},"21":{"start":{"line":61,"column":2},"end":{"line":63,"column":null}},"22":{"start":{"line":62,"column":3},"end":{"line":62,"column":27}},"23":{"start":{"line":64,"column":2},"end":{"line":64,"column":56}},"24":{"start":{"line":66,"column":1},"end":{"line":66,"column":25}},"25":{"start":{"line":49,"column":0},"end":{"line":49,"column":16}},"26":{"start":{"line":71,"column":2},"end":{"line":71,"column":76}},"27":{"start":{"line":72,"column":14},"end":{"line":72,"column":16}},"28":{"start":{"line":73,"column":20},"end":{"line":73,"column":31}},"29":{"start":{"line":74,"column":1},"end":{"line":76,"column":null}},"30":{"start":{"line":74,"column":18},"end":{"line":74,"column":19}},"31":{"start":{"line":75,"column":2},"end":{"line":75,"column":64}},"32":{"start":{"line":77,"column":1},"end":{"line":77,"column":15}},"33":{"start":{"line":69,"column":0},"end":{"line":69,"column":16}}},"fnMap":{"0":{"name":"createId","decl":{"start":{"line":24,"column":16},"end":{"line":24,"column":24}},"loc":{"start":{"line":24,"column":24},"end":{"line":32,"column":1}}},"1":{"name":"createAccessToken","decl":{"start":{"line":34,"column":16},"end":{"line":34,"column":33}},"loc":{"start":{"line":34,"column":65},"end":{"line":47,"column":1}}},"2":{"name":"verifyAccessToken","decl":{"start":{"line":49,"column":16},"end":{"line":49,"column":33}},"loc":{"start":{"line":50,"column":20},"end":{"line":67,"column":1}}},"3":{"name":"createRefreshToken","decl":{"start":{"line":69,"column":16},"end":{"line":69,"column":34}},"loc":{"start":{"line":69,"column":34},"end":{"line":78,"column":1}}}},"branchMap":{"0":{"loc":{"start":{"line":53,"column":1},"end":{"line":65,"column":null}},"type":"if","locations":[{"start":{"line":53,"column":1},"end":{"line":65,"column":null}},{"start":{"line":53,"column":1},"end":{"line":65,"column":null}}]},"1":{"loc":{"start":{"line":61,"column":2},"end":{"line":63,"column":null}},"type":"if","locations":[{"start":{"line":61,"column":2},"end":{"line":63,"column":null}},{"start":{"line":61,"column":2},"end":{"line":63,"column":null}}]}},"s":{"0":3,"1":3,"2":3,"3":3,"4":3,"5":3,"6":3,"7":3,"8":3,"9":42,"10":3,"11":3,"12":1,"13":1,"14":1,"15":3,"16":0,"17":0,"18":0,"19":0,"20":0,"21":0,"22":0,"23":0,"24":0,"25":3,"26":5,"27":5,"28":5,"29":5,"30":5,"31":160,"32":5,"33":3},"f":{"0":3,"1":1,"2":0,"3":5},"b":{"0":[0,0],"1":[0,0]}}
,"C:\\Users\\nmjoa\\OneDrive\\Desktop\\Programacao\\Javascript\\gepetoauth\\src\\utils\\validators.ts": {"path":"C:\\Users\\nmjoa\\OneDrive\\Desktop\\Programacao\\Javascript\\gepetoauth\\src\\utils\\validators.ts","statementMap":{"0":{"start":{"line":1,"column":0},"end":{"line":1,"column":34}},"1":{"start":{"line":2,"column":0},"end":{"line":2,"column":38}},"2":{"start":{"line":11,"column":1},"end":{"line":13,"column":null}},"3":{"start":{"line":12,"column":2},"end":{"line":12,"column":60}},"4":{"start":{"line":15,"column":1},"end":{"line":17,"column":null}},"5":{"start":{"line":16,"column":2},"end":{"line":16,"column":60}},"6":{"start":{"line":18,"column":1},"end":{"line":20,"column":null}},"7":{"start":{"line":19,"column":2},"end":{"line":19,"column":59}},"8":{"start":{"line":22,"column":27},"end":{"line":22,"column":53}},"9":{"start":{"line":23,"column":1},"end":{"line":23,"column":51}},"10":{"start":{"line":10,"column":0},"end":{"line":10,"column":16}},"11":{"start":{"line":27,"column":1},"end":{"line":29,"column":null}},"12":{"start":{"line":28,"column":2},"end":{"line":28,"column":57}},"13":{"start":{"line":31,"column":1},"end":{"line":33,"column":null}},"14":{"start":{"line":32,"column":2},"end":{"line":32,"column":57}},"15":{"start":{"line":34,"column":1},"end":{"line":36,"column":null}},"16":{"start":{"line":35,"column":2},"end":{"line":35,"column":57}},"17":{"start":{"line":37,"column":24},"end":{"line":37,"column":64}},"18":{"start":{"line":38,"column":1},"end":{"line":38,"column":48}},"19":{"start":{"line":26,"column":0},"end":{"line":26,"column":16}},"20":{"start":{"line":42,"column":1},"end":{"line":44,"column":null}},"21":{"start":{"line":43,"column":2},"end":{"line":43,"column":60}},"22":{"start":{"line":46,"column":1},"end":{"line":48,"column":null}},"23":{"start":{"line":47,"column":2},"end":{"line":47,"column":60}},"24":{"start":{"line":49,"column":1},"end":{"line":51,"column":null}},"25":{"start":{"line":50,"column":2},"end":{"line":50,"column":59}},"26":{"start":{"line":52,"column":1},"end":{"line":54,"column":null}},"27":{"start":{"line":53,"column":2},"end":{"line":53,"column":61}},"28":{"start":{"line":55,"column":1},"end":{"line":55,"column":42}},"29":{"start":{"line":41,"column":0},"end":{"line":41,"column":16}},"30":{"start":{"line":59,"column":1},"end":{"line":61,"column":null}},"31":{"start":{"line":60,"column":2},"end":{"line":60,"column":56}},"32":{"start":{"line":63,"column":21},"end":{"line":63,"column":41}},"33":{"start":{"line":64,"column":1},"end":{"line":64,"column":49}},"34":{"start":{"line":65,"column":1},"end":{"line":67,"column":null}},"35":{"start":{"line":66,"column":2},"end":{"line":66,"column":56}},"36":{"start":{"line":68,"column":1},"end":{"line":70,"column":null}},"37":{"start":{"line":69,"column":2},"end":{"line":69,"column":55}},"38":{"start":{"line":71,"column":1},"end":{"line":71,"column":47}},"39":{"start":{"line":58,"column":0},"end":{"line":58,"column":16}}},"fnMap":{"0":{"name":"validateUsername","decl":{"start":{"line":10,"column":16},"end":{"line":10,"column":32}},"loc":{"start":{"line":10,"column":46},"end":{"line":24,"column":1}}},"1":{"name":"validateEmail","decl":{"start":{"line":26,"column":16},"end":{"line":26,"column":29}},"loc":{"start":{"line":26,"column":40},"end":{"line":39,"column":1}}},"2":{"name":"validatePassword","decl":{"start":{"line":41,"column":16},"end":{"line":41,"column":32}},"loc":{"start":{"line":41,"column":46},"end":{"line":56,"column":1}}},"3":{"name":"validateCode","decl":{"start":{"line":58,"column":16},"end":{"line":58,"column":28}},"loc":{"start":{"line":58,"column":38},"end":{"line":72,"column":1}}}},"branchMap":{"0":{"loc":{"start":{"line":11,"column":1},"end":{"line":13,"column":null}},"type":"if","locations":[{"start":{"line":11,"column":1},"end":{"line":13,"column":null}},{"start":{"line":11,"column":1},"end":{"line":13,"column":null}}]},"1":{"loc":{"start":{"line":15,"column":1},"end":{"line":17,"column":null}},"type":"if","locations":[{"start":{"line":15,"column":1},"end":{"line":17,"column":null}},{"start":{"line":15,"column":1},"end":{"line":17,"column":null}}]},"2":{"loc":{"start":{"line":18,"column":1},"end":{"line":20,"column":null}},"type":"if","locations":[{"start":{"line":18,"column":1},"end":{"line":20,"column":null}},{"start":{"line":18,"column":1},"end":{"line":20,"column":null}}]},"3":{"loc":{"start":{"line":27,"column":1},"end":{"line":29,"column":null}},"type":"if","locations":[{"start":{"line":27,"column":1},"end":{"line":29,"column":null}},{"start":{"line":27,"column":1},"end":{"line":29,"column":null}}]},"4":{"loc":{"start":{"line":31,"column":1},"end":{"line":33,"column":null}},"type":"if","locations":[{"start":{"line":31,"column":1},"end":{"line":33,"column":null}},{"start":{"line":31,"column":1},"end":{"line":33,"column":null}}]},"5":{"loc":{"start":{"line":34,"column":1},"end":{"line":36,"column":null}},"type":"if","locations":[{"start":{"line":34,"column":1},"end":{"line":36,"column":null}},{"start":{"line":34,"column":1},"end":{"line":36,"column":null}}]},"6":{"loc":{"start":{"line":37,"column":24},"end":{"line":37,"column":55}},"type":"binary-expr","locations":[{"start":{"line":37,"column":24},"end":{"line":37,"column":55}},{"start":{"line":37,"column":59},"end":{"line":37,"column":64}}]},"7":{"loc":{"start":{"line":42,"column":1},"end":{"line":44,"column":null}},"type":"if","locations":[{"start":{"line":42,"column":1},"end":{"line":44,"column":null}},{"start":{"line":42,"column":1},"end":{"line":44,"column":null}}]},"8":{"loc":{"start":{"line":46,"column":1},"end":{"line":48,"column":null}},"type":"if","locations":[{"start":{"line":46,"column":1},"end":{"line":48,"column":null}},{"start":{"line":46,"column":1},"end":{"line":48,"column":null}}]},"9":{"loc":{"start":{"line":49,"column":1},"end":{"line":51,"column":null}},"type":"if","locations":[{"start":{"line":49,"column":1},"end":{"line":51,"column":null}},{"start":{"line":49,"column":1},"end":{"line":51,"column":null}}]},"10":{"loc":{"start":{"line":52,"column":1},"end":{"line":54,"column":null}},"type":"if","locations":[{"start":{"line":52,"column":1},"end":{"line":54,"column":null}},{"start":{"line":52,"column":1},"end":{"line":54,"column":null}}]},"11":{"loc":{"start":{"line":59,"column":1},"end":{"line":61,"column":null}},"type":"if","locations":[{"start":{"line":59,"column":1},"end":{"line":61,"column":null}},{"start":{"line":59,"column":1},"end":{"line":61,"column":null}}]},"12":{"loc":{"start":{"line":65,"column":1},"end":{"line":67,"column":null}},"type":"if","locations":[{"start":{"line":65,"column":1},"end":{"line":67,"column":null}},{"start":{"line":65,"column":1},"end":{"line":67,"column":null}}]},"13":{"loc":{"start":{"line":68,"column":1},"end":{"line":70,"column":null}},"type":"if","locations":[{"start":{"line":68,"column":1},"end":{"line":70,"column":null}},{"start":{"line":68,"column":1},"end":{"line":70,"column":null}}]}},"s":{"0":2,"1":2,"2":7,"3":0,"4":7,"5":0,"6":7,"7":0,"8":7,"9":7,"10":2,"11":1,"12":0,"13":1,"14":0,"15":1,"16":0,"17":1,"18":1,"19":2,"20":7,"21":0,"22":7,"23":0,"24":7,"25":1,"26":6,"27":0,"28":6,"29":2,"30":6,"31":1,"32":5,"33":5,"34":5,"35":0,"36":5,"37":1,"38":4,"39":2},"f":{"0":7,"1":1,"2":7,"3":6},"b":{"0":[0,7],"1":[0,7],"2":[0,7],"3":[0,1],"4":[0,1],"5":[0,1],"6":[1,0],"7":[0,7],"8":[0,7],"9":[1,6],"10":[0,6],"11":[1,5],"12":[0,5],"13":[1,4]}}
}
