TN:
SF:src\routes.ts
FN:9,(anonymous_0)
FN:13,(anonymous_1)
FN:17,(anonymous_2)
FNF:3
FNH:3
FNDA:1,(anonymous_0)
FNDA:1,(anonymous_1)
FNDA:6,(anonymous_2)
DA:1,2
DA:3,2
DA:4,2
DA:5,2
DA:7,2
DA:9,2
DA:10,1
DA:13,2
DA:14,1
DA:17,2
DA:18,6
DA:21,2
LF:12
LH:12
BRF:0
BRH:0
end_of_record
TN:
SF:src\config\index.ts
FNF:0
FNH:0
DA:1,4
DA:3,4
DA:4,4
DA:5,0
DA:8,4
LF:5
LH:4
BRDA:4,0,0,0
BRDA:4,0,1,4
BRDA:12,1,0,4
BRDA:12,1,1,0
BRDA:10,2,0,4
BRDA:10,2,1,4
BRDA:14,3,0,4
BRDA:14,3,1,0
BRF:8
BRH:5
end_of_record
TN:
SF:src\entities\Code.ts
FN:7,(anonymous_0)
FNF:1
FNH:1
FNDA:1,(anonymous_0)
DA:1,1
DA:8,1
LF:2
LH:2
BRF:0
BRH:0
end_of_record
TN:
SF:src\entities\RefreshToken.ts
FN:7,(anonymous_0)
FNF:1
FNH:1
FNDA:1,(anonymous_0)
DA:1,1
DA:8,1
LF:2
LH:2
BRF:0
BRH:0
end_of_record
TN:
SF:src\entities\User.ts
FN:21,(anonymous_0)
FNF:1
FNH:1
FNDA:2,(anonymous_0)
DA:1,3
DA:3,3
DA:22,2
DA:24,2
DA:25,2
LF:5
LH:5
BRDA:24,0,0,2
BRDA:24,0,1,0
BRF:2
BRH:1
end_of_record
TN:
SF:src\loaders\DayjsLoader.ts
FN:6,(anonymous_1)
FNF:1
FNH:1
FNDA:12,(anonymous_1)
DA:1,3
DA:2,3
DA:3,3
DA:5,3
DA:7,12
DA:8,12
DA:9,12
DA:10,12
LF:8
LH:8
BRF:0
BRH:0
end_of_record
TN:
SF:src\loaders\ExpressLoader.ts
FN:21,(anonymous_1)
FN:74,(anonymous_2)
FNF:2
FNH:1
FNDA:3,(anonymous_1)
FNDA:0,(anonymous_2)
DA:1,2
DA:3,2
DA:4,2
DA:5,2
DA:6,2
DA:7,2
DA:8,2
DA:9,2
DA:10,2
DA:12,2
DA:13,2
DA:14,2
DA:15,2
DA:16,2
DA:17,2
DA:18,2
DA:20,2
DA:22,3
DA:23,3
DA:25,3
DA:26,0
DA:27,0
DA:29,3
DA:30,0
DA:33,3
DA:40,3
DA:51,3
DA:56,3
DA:57,3
DA:58,3
DA:59,3
DA:60,3
DA:61,3
DA:72,3
DA:73,3
DA:74,3
DA:75,0
DA:83,3
LF:38
LH:34
BRDA:25,0,0,0
BRDA:25,0,1,3
BRDA:29,1,0,0
BRDA:29,1,1,3
BRF:4
BRH:2
end_of_record
TN:
SF:src\loaders\FirebaseLoader.ts
FNF:0
FNH:0
DA:1,3
DA:3,3
DA:5,3
DA:18,3
DA:23,3
DA:24,3
LF:6
LH:6
BRF:0
BRH:0
end_of_record
TN:
SF:src\loaders\LoggerLoader.ts
FNF:0
FNH:0
DA:1,3
DA:3,3
LF:2
LH:2
BRF:0
BRH:0
end_of_record
TN:
SF:src\middlewares\Hsts.ts
FN:4,hsts
FN:14,(anonymous_1)
FN:30,hsts
FNF:3
FNH:3
FNDA:3,hsts
FNDA:8,(anonymous_1)
FNDA:8,hsts
DA:4,2
DA:5,3
DA:7,3
DA:8,3
DA:11,3
DA:12,3
DA:15,8
DA:18,3
DA:19,0
DA:22,3
DA:23,3
DA:24,3
DA:26,3
DA:27,3
DA:30,3
DA:31,8
DA:32,8
DA:35,8
LF:18
LH:17
BRDA:7,0,0,3
BRDA:7,0,1,0
BRDA:9,1,0,3
BRDA:9,1,1,0
BRDA:11,2,0,3
BRDA:11,2,1,0
BRDA:13,3,0,0
BRDA:13,3,1,3
BRDA:18,4,0,0
BRDA:18,4,1,3
BRDA:23,5,0,3
BRDA:23,5,1,0
BRDA:26,6,0,3
BRDA:26,6,1,0
BRDA:31,7,0,8
BRDA:31,7,1,0
BRF:16
BRH:8
end_of_record
TN:
SF:src\middlewares\Ip.ts
FN:4,userIp
FN:5,userIp
FNF:2
FNH:2
FNDA:3,userIp
FNDA:8,userIp
DA:2,2
DA:4,2
DA:5,3
DA:6,8
DA:7,8
DA:8,8
LF:6
LH:6
BRF:0
BRH:0
end_of_record
TN:
SF:src\providers\implementations\MailgunMailProvider.ts
FN:10,(anonymous_1)
FN:21,(anonymous_2)
FNF:2
FNH:2
FNDA:2,(anonymous_1)
FNDA:1,(anonymous_2)
DA:1,2
DA:4,2
DA:7,2
DA:11,2
DA:22,1
LF:5
LH:5
BRF:0
BRH:0
end_of_record
TN:
SF:src\providers\implementations\MailtrapMailProvider.ts
FN:11,(anonymous_1)
FN:22,(anonymous_2)
FNF:2
FNH:1
FNDA:2,(anonymous_1)
FNDA:0,(anonymous_2)
DA:1,2
DA:2,2
DA:5,2
DA:8,2
DA:12,2
DA:23,0
LF:6
LH:5
BRF:0
BRH:0
end_of_record
TN:
SF:src\repositories\implementations\FirebaseSessionsRepository.ts
FN:8,(anonymous_1)
FN:17,(anonymous_2)
FN:40,(anonymous_3)
FN:66,(anonymous_4)
FN:75,(anonymous_5)
FNF:5
FNH:5
FNDA:4,(anonymous_1)
FNDA:5,(anonymous_2)
FNDA:3,(anonymous_3)
FNDA:1,(anonymous_4)
FNDA:1,(anonymous_5)
DA:1,3
DA:4,3
DA:7,3
DA:9,4
DA:10,4
DA:12,0
DA:13,0
DA:18,5
DA:19,5
DA:23,5
DA:24,1
DA:26,4
DA:27,4
DA:33,4
DA:35,0
DA:36,0
DA:41,3
DA:42,3
DA:46,3
DA:47,3
DA:49,0
DA:50,0
DA:52,0
DA:53,0
DA:59,0
DA:61,0
DA:62,0
DA:67,1
DA:68,1
DA:70,0
DA:71,0
DA:76,1
DA:77,1
DA:82,0
DA:83,0
LF:35
LH:20
BRDA:23,0,0,1
BRDA:23,0,1,4
BRDA:46,1,0,3
BRDA:46,1,1,0
BRDA:49,2,0,0
BRDA:49,2,1,0
BRF:6
BRH:3
end_of_record
TN:
SF:src\repositories\implementations\FirebaseUsersRepository.ts
FN:7,(anonymous_1)
FN:34,(anonymous_2)
FN:61,(anonymous_3)
FNF:3
FNH:3
FNDA:4,(anonymous_1)
FNDA:1,(anonymous_2)
FNDA:1,(anonymous_3)
DA:1,2
DA:2,2
DA:6,2
DA:8,4
DA:9,4
DA:13,4
DA:14,2
DA:15,2
DA:25,2
DA:27,2
DA:29,0
DA:30,0
DA:35,1
DA:36,1
DA:40,1
DA:41,0
DA:42,0
DA:52,0
DA:54,1
DA:56,0
DA:57,0
DA:62,1
DA:63,1
DA:73,1
DA:75,0
DA:76,0
LF:26
LH:17
BRDA:13,0,0,2
BRDA:13,0,1,2
BRDA:40,1,0,0
BRDA:40,1,1,1
BRF:4
BRH:3
end_of_record
TN:
SF:src\types\express\index.d.ts
FNF:0
FNH:0
LF:0
LH:0
BRF:0
BRH:0
end_of_record
TN:
SF:src\useCases\Authorize\AuthorizeController.ts
FN:7,(anonymous_1)
FN:9,(anonymous_2)
FNF:2
FNH:2
FNDA:2,(anonymous_1)
FNDA:1,(anonymous_2)
DA:1,2
DA:2,2
DA:6,2
DA:7,2
DA:10,1
DA:11,1
DA:12,1
DA:14,1
DA:15,1
DA:17,0
DA:18,0
LF:11
LH:9
BRDA:11,0,0,0
BRDA:11,0,1,1
BRDA:11,1,0,1
BRDA:11,1,1,1
BRDA:11,2,0,0
BRDA:11,2,1,1
BRDA:11,3,0,1
BRDA:11,3,1,1
BRDA:11,4,0,0
BRDA:11,4,1,1
BRDA:11,5,0,1
BRDA:11,5,1,1
BRDA:11,6,0,0
BRDA:11,6,1,1
BRDA:11,7,0,1
BRDA:11,7,1,1
BRDA:11,8,0,0
BRDA:11,8,1,1
BRDA:11,9,0,1
BRDA:11,9,1,1
BRF:20
BRH:15
end_of_record
TN:
SF:src\useCases\Authorize\AuthorizeUseCase.ts
FN:8,(anonymous_1)
FN:10,(anonymous_2)
FNF:2
FNH:2
FNDA:2,(anonymous_1)
FNDA:1,(anonymous_2)
DA:1,2
DA:2,2
DA:3,2
DA:7,2
DA:8,2
DA:11,1
DA:12,1
DA:13,1
DA:15,1
DA:19,1
DA:24,1
DA:25,0
DA:28,1
DA:34,1
DA:36,0
DA:37,0
LF:16
LH:13
BRDA:24,0,0,0
BRDA:24,0,1,1
BRDA:24,1,0,1
BRDA:24,1,1,0
BRDA:37,2,0,0
BRDA:37,2,1,0
BRF:6
BRH:2
end_of_record
TN:
SF:src\useCases\Authorize\index.ts
FNF:0
FNH:0
DA:1,2
DA:2,2
DA:3,2
DA:5,2
DA:7,2
DA:8,2
DA:10,2
LF:7
LH:7
BRF:0
BRH:0
end_of_record
TN:
SF:src\useCases\CreateUser\CreateUserController.ts
FN:12,(anonymous_1)
FN:14,(anonymous_2)
FNF:2
FNH:2
FNDA:2,(anonymous_1)
FNDA:1,(anonymous_2)
DA:4,2
DA:9,2
DA:11,2
DA:12,2
DA:15,1
DA:16,1
DA:17,1
DA:19,1
DA:20,1
DA:21,1
DA:23,1
DA:28,0
DA:38,1
DA:39,1
DA:41,1
DA:42,1
DA:49,1
DA:51,0
LF:18
LH:16
BRDA:16,0,0,0
BRDA:16,0,1,1
BRDA:16,1,0,1
BRDA:16,1,1,1
BRDA:16,2,0,0
BRDA:16,2,1,1
BRDA:16,3,0,1
BRDA:16,3,1,1
BRDA:16,4,0,0
BRDA:16,4,1,1
BRDA:16,5,0,1
BRDA:16,5,1,1
BRDA:16,6,0,0
BRDA:16,6,1,1
BRDA:16,7,0,1
BRDA:16,7,1,1
BRDA:16,8,0,0
BRDA:16,8,1,1
BRDA:16,9,0,1
BRDA:16,9,1,1
BRDA:23,10,0,0
BRDA:23,10,1,1
BRDA:24,11,0,1
BRDA:24,11,1,1
BRDA:24,11,2,1
BRDA:31,12,0,0
BRDA:31,12,1,0
BRDA:31,12,2,0
BRF:28
BRH:19
end_of_record
TN:
SF:src\useCases\CreateUser\CreateUserUseCase.ts
FN:11,(anonymous_1)
FN:16,(anonymous_2)
FNF:2
FNH:2
FNDA:2,(anonymous_1)
FNDA:1,(anonymous_2)
DA:1,2
DA:3,2
DA:6,2
DA:8,2
DA:10,2
DA:12,2
DA:13,2
DA:17,1
DA:18,1
DA:21,1
DA:25,1
DA:26,0
DA:29,1
DA:30,1
DA:47,1
DA:48,1
DA:62,0
DA:63,0
LF:18
LH:15
BRDA:25,0,0,0
BRDA:25,0,1,1
BRDA:25,1,0,1
BRDA:25,1,1,1
BRF:4
BRH:3
end_of_record
TN:
SF:src\useCases\CreateUser\index.ts
FNF:0
FNH:0
DA:1,2
DA:2,2
DA:3,2
DA:4,2
DA:5,2
DA:7,2
DA:8,2
DA:9,2
DA:11,2
DA:18,2
DA:20,2
LF:11
LH:11
BRDA:14,0,0,0
BRDA:14,0,1,2
BRF:2
BRH:1
end_of_record
TN:
SF:src\useCases\Login\LoginController.ts
FN:13,(anonymous_1)
FN:15,(anonymous_2)
FNF:2
FNH:2
FNDA:2,(anonymous_1)
FNDA:6,(anonymous_2)
DA:3,2
DA:4,2
DA:6,2
DA:12,2
DA:13,2
DA:16,6
DA:17,6
DA:18,6
DA:19,6
DA:20,6
DA:22,6
DA:23,6
DA:24,6
DA:26,6
DA:31,2
DA:41,4
DA:42,4
DA:43,4
DA:48,4
DA:55,1
DA:59,3
DA:60,3
LF:22
LH:22
BRDA:19,0,0,0
BRDA:19,0,1,6
BRDA:19,1,0,6
BRDA:19,1,1,6
BRDA:19,2,0,0
BRDA:19,2,1,6
BRDA:19,3,0,6
BRDA:19,3,1,6
BRDA:19,4,0,0
BRDA:19,4,1,6
BRDA:19,5,0,6
BRDA:19,5,1,6
BRDA:19,6,0,0
BRDA:19,6,1,6
BRDA:19,7,0,6
BRDA:19,7,1,6
BRDA:19,8,0,0
BRDA:19,8,1,6
BRDA:19,9,0,6
BRDA:19,9,1,6
BRDA:26,10,0,2
BRDA:26,10,1,4
BRDA:27,11,0,6
BRDA:27,11,1,6
BRDA:27,11,2,5
BRDA:34,12,0,2
BRDA:34,12,1,2
BRDA:34,12,2,1
BRF:28
BRH:23
end_of_record
TN:
SF:src\useCases\Login\LoginUseCase.ts
FN:10,(anonymous_1)
FN:15,(anonymous_2)
FNF:2
FNH:2
FNDA:2,(anonymous_1)
FNDA:4,(anonymous_2)
DA:1,2
DA:6,2
DA:7,2
DA:9,2
DA:11,2
DA:12,2
DA:18,4
DA:20,4
DA:21,4
DA:22,0
DA:25,4
DA:26,4
DA:27,1
DA:30,3
DA:31,0
DA:36,3
DA:39,3
DA:40,1
DA:43,2
DA:47,2
DA:48,1
DA:51,1
DA:52,1
DA:53,1
DA:59,1
DA:68,1
DA:69,1
LF:27
LH:25
BRDA:21,0,0,0
BRDA:21,0,1,4
BRDA:26,1,0,1
BRDA:26,1,1,3
BRDA:30,2,0,0
BRDA:30,2,1,3
BRDA:30,3,0,3
BRDA:30,3,1,0
BRDA:39,4,0,1
BRDA:39,4,1,2
BRDA:47,5,0,1
BRDA:47,5,1,1
BRF:12
BRH:9
end_of_record
TN:
SF:src\useCases\Login\index.ts
FNF:0
FNH:0
DA:1,2
DA:2,2
DA:3,2
DA:4,2
DA:6,2
DA:7,2
DA:9,2
DA:14,2
DA:16,2
LF:9
LH:9
BRF:0
BRH:0
end_of_record
TN:
SF:src\utils\response.ts
FN:82,response
FNF:1
FNH:1
FNDA:8,response
DA:3,2
DA:43,2
DA:79,2
DA:82,2
DA:87,8
DA:92,8
LF:6
LH:6
BRDA:88,0,0,6
BRDA:88,0,1,2
BRF:2
BRH:2
end_of_record
TN:
SF:src\utils\tokens.ts
FN:24,createId
FN:34,createAccessToken
FN:49,verifyAccessToken
FN:69,createRefreshToken
FNF:4
FNH:3
FNDA:3,createId
FNDA:1,createAccessToken
FNDA:0,verifyAccessToken
FNDA:5,createRefreshToken
DA:1,3
DA:3,3
DA:4,3
DA:6,3
DA:24,3
DA:25,3
DA:26,3
DA:27,3
DA:28,3
DA:29,42
DA:31,3
DA:34,3
DA:35,1
DA:40,1
DA:46,1
DA:49,3
DA:52,0
DA:53,0
DA:54,0
DA:55,0
DA:60,0
DA:61,0
DA:62,0
DA:64,0
DA:66,0
DA:69,3
DA:71,5
DA:72,5
DA:73,5
DA:74,5
DA:75,160
DA:77,5
LF:32
LH:23
BRDA:53,0,0,0
BRDA:53,0,1,0
BRDA:61,1,0,0
BRDA:61,1,1,0
BRF:4
BRH:0
end_of_record
TN:
SF:src\utils\validators.ts
FN:10,validateUsername
FN:26,validateEmail
FN:41,validatePassword
FN:58,validateCode
FNF:4
FNH:4
FNDA:7,validateUsername
FNDA:1,validateEmail
FNDA:7,validatePassword
FNDA:6,validateCode
DA:1,2
DA:2,2
DA:10,2
DA:11,7
DA:12,0
DA:15,7
DA:16,0
DA:18,7
DA:19,0
DA:22,7
DA:23,7
DA:26,2
DA:27,1
DA:28,0
DA:31,1
DA:32,0
DA:34,1
DA:35,0
DA:37,1
DA:38,1
DA:41,2
DA:42,7
DA:43,0
DA:46,7
DA:47,0
DA:49,7
DA:50,1
DA:52,6
DA:53,0
DA:55,6
DA:58,2
DA:59,6
DA:60,1
DA:63,5
DA:64,5
DA:65,5
DA:66,0
DA:68,5
DA:69,1
DA:71,4
LF:40
LH:30
BRDA:11,0,0,0
BRDA:11,0,1,7
BRDA:15,1,0,0
BRDA:15,1,1,7
BRDA:18,2,0,0
BRDA:18,2,1,7
BRDA:27,3,0,0
BRDA:27,3,1,1
BRDA:31,4,0,0
BRDA:31,4,1,1
BRDA:34,5,0,0
BRDA:34,5,1,1
BRDA:37,6,0,1
BRDA:37,6,1,0
BRDA:42,7,0,0
BRDA:42,7,1,7
BRDA:46,8,0,0
BRDA:46,8,1,7
BRDA:49,9,0,1
BRDA:49,9,1,6
BRDA:52,10,0,0
BRDA:52,10,1,6
BRDA:59,11,0,1
BRDA:59,11,1,5
BRDA:65,12,0,0
BRDA:65,12,1,5
BRDA:68,13,0,1
BRDA:68,13,1,4
BRF:28
BRH:17
end_of_record
